#
# There is insufficient memory for the Java Runtime Environment to continue.
# Native memory allocation (malloc) failed to allocate 865296 bytes for Chunk::new
# Possible reasons:
#   The system is out of physical RAM or swap space
#   The process is running with CompressedOops enabled, and the Java Heap may be blocking the growth of the native heap
# Possible solutions:
#   Reduce memory load on the system
#   Increase physical memory or swap space
#   Check if swap backing store is full
#   Decrease Java heap size (-Xmx/-Xms)
#   Decrease number of Java threads
#   Decrease Java thread stack sizes (-Xss)
#   Set larger code cache with -XX:ReservedCodeCacheSize=
#   JVM is running with Unscaled Compressed Oops mode in which the Java heap is
#     placed in the first 4GB address space. The Java Heap base address is the
#     maximum limit for the native heap growth. Please use -XX:HeapBaseMinAddress
#     to set the Java Heap base and to place the Java Heap above 4GB virtual address.
# This output file may be truncated or incomplete.
#
#  Out of Memory Error (./open/src/hotspot/share/memory/arena.cpp:195), pid=18440, tid=16000
#
# JRE version: Java(TM) SE Runtime Environment (15.0.1+9) (build 15.0.1+9-18)
# Java VM: Java HotSpot(TM) 64-Bit Server VM (15.0.1+9-18, mixed mode, sharing, tiered, compressed oops, g1 gc, windows-amd64)
# No core dump will be written. Minidumps are not enabled by default on client versions of Windows
#

---------------  S U M M A R Y ------------

Command Line: -XX:MaxMetaspaceSize=512m --add-opens=java.base/java.util=ALL-UNNAMED --add-opens=java.base/java.lang=ALL-UNNAMED --add-opens=java.base/java.lang.invoke=ALL-UNNAMED --add-opens=java.base/java.util=ALL-UNNAMED --add-opens=java.prefs/java.util.prefs=ALL-UNNAMED --add-opens=java.prefs/java.util.prefs=ALL-UNNAMED --add-opens=java.base/java.nio.charset=ALL-UNNAMED --add-opens=java.base/java.net=ALL-UNNAMED --add-opens=java.base/java.util.concurrent.atomic=ALL-UNNAMED -Xmx2048m -Dfile.encoding=utf8 -Duser.country=US -Duser.language=en -Duser.variant org.gradle.launcher.daemon.bootstrap.GradleDaemon 7.5.1

Host: Intel(R) Core(TM) i5-1035G1 CPU @ 1.00GHz, 8 cores, 11G,  Windows 10 , 64 bit Build 22621 (10.0.22621.3958)
Time: Mon Oct 21 10:00:38 2024 SE Asia Standard Time elapsed time: 3266.118407 seconds (0d 0h 54m 26s)

---------------  T H R E A D  ---------------

Current thread (0x0000021ae3253040):  JavaThread "C2 CompilerThread0" daemon [_thread_in_native, id=16000, stack(0x00000071be800000,0x00000071be900000)]


Current CompileTask:
C2:3266118 14704       4       org.gradle.internal.ImmutableActionSet::add (93 bytes)

Stack: [0x00000071be800000,0x00000071be900000]
Native frames: (J=compiled Java code, j=interpreted, Vv=VM code, C=native code)
V  [jvm.dll+0x62ae9a]
V  [jvm.dll+0x781389]
V  [jvm.dll+0x782ae3]
V  [jvm.dll+0x783143]
V  [jvm.dll+0x216265]
V  [jvm.dll+0x97efa]
V  [jvm.dll+0x985dc]
V  [jvm.dll+0x27a1bf]
V  [jvm.dll+0x5408d4]
V  [jvm.dll+0x1f2c14]
V  [jvm.dll+0x1ec3b7]
V  [jvm.dll+0x1e97a7]
V  [jvm.dll+0x1784c7]
V  [jvm.dll+0x1f9165]
V  [jvm.dll+0x1f720c]
V  [jvm.dll+0x74485d]
V  [jvm.dll+0x73d65a]
V  [jvm.dll+0x629c56]
C  [ucrtbase.dll+0x29333]
C  [KERNEL32.DLL+0x1257d]
C  [ntdll.dll+0x5af28]


---------------  P R O C E S S  ---------------

Threads class SMR info:
_java_thread_list=0x0000021af0b3c350, length=135, elements={
0x0000021ac46aa4b0, 0x0000021ae3236240, 0x0000021ae3238d00, 0x0000021ae3250d40,
0x0000021ae3251700, 0x0000021ae32521b0, 0x0000021ae3253040, 0x0000021ae3253be0,
0x0000021ae32691d0, 0x0000021ae3c95770, 0x0000021ae3cc0cd0, 0x0000021ae5a90fb0,
0x0000021ae580e7a0, 0x0000021ae5a790b0, 0x0000021ae4750920, 0x0000021ae4750df0,
0x0000021ae56bdc20, 0x0000021ae56be5c0, 0x0000021ae56bea90, 0x0000021ae56c3c60,
0x0000021ae56c02a0, 0x0000021ae56c15e0, 0x0000021ae56c1ab0, 0x0000021ae901f400,
0x0000021ae90193c0, 0x0000021ae901d250, 0x0000021ae901d720, 0x0000021ae901e0c0,
0x0000021ae901e590, 0x0000021ae9018550, 0x0000021ae4522a00, 0x0000021af0d5ddf0,
0x0000021af0d5ec60, 0x0000021af0d63490, 0x0000021af0d63960, 0x0000021af0d647d0,
0x0000021af0d5f600, 0x0000021af0d5e2c0, 0x0000021af0d5d450, 0x0000021af0d60e10,
0x0000021af0d63e30, 0x0000021af0d60470, 0x0000021af0d5fad0, 0x0000021af0d5f130,
0x0000021af0d61c80, 0x0000021af0d60940, 0x0000021af0d612e0, 0x0000021af0d617b0,
0x0000021af0d62150, 0x0000021af0d62620, 0x0000021af0d62af0, 0x0000021af0d5cf80,
0x0000021af0d67cc0, 0x0000021af0d6a810, 0x0000021af0d68190, 0x0000021af0d68660,
0x0000021af0d6b680, 0x0000021af0d664b0, 0x0000021af0d65fe0, 0x0000021af0d65640,
0x0000021af0d68b30, 0x0000021af0d66980, 0x0000021af0d66e50, 0x0000021af0d677f0,
0x0000021af0d67320, 0x0000021af0d69000, 0x0000021af0d65170, 0x0000021af0d6bb50,
0x0000021af0d65b10, 0x0000021af0d694d0, 0x0000021af0d69e70, 0x0000021af0d699a0,
0x0000021af0d6a340, 0x0000021af0d6ace0, 0x0000021af0d6b1b0, 0x0000021af0d6c020,
0x0000021af0d6c4f0, 0x0000021af0d64ca0, 0x0000021ae9cb6e40, 0x0000021ae9cbacd0,
0x0000021ae9cb5630, 0x0000021ae9cb94c0, 0x0000021ae9cb5b00, 0x0000021ae9cbb670,
0x0000021ae9cb42f0, 0x0000021ae9cb7310, 0x0000021ae9cb8ff0, 0x0000021ae9cb5fd0,
0x0000021ae9cb47c0, 0x0000021ae9cb77e0, 0x0000021ae9cb4c90, 0x0000021ae9cb5160,
0x0000021ae9cb64a0, 0x0000021ae9cb6970, 0x0000021ae9cb7cb0, 0x0000021ae9cb8180,
0x0000021ae9cb8650, 0x0000021ae9cb8b20, 0x0000021ae9a52260, 0x0000021ae9a51d90,
0x0000021ae9a4aee0, 0x0000021ae9a4b3b0, 0x0000021ae9a4b880, 0x0000021ae9a50f20,
0x0000021ae9a4bd50, 0x0000021ae9a4c6f0, 0x0000021ae9a4da30, 0x0000021ae9a4f710,
0x0000021ae9a4fbe0, 0x0000021ae9a4c220, 0x0000021ae9a4d090, 0x0000021ae9a4d560,
0x0000021ae9a4e3d0, 0x0000021ae9a52730, 0x0000021ae9a513f0, 0x0000021ae9a518c0,
0x0000021ae9a4ed70, 0x0000021ae9a4f240, 0x0000021ae9a500b0, 0x0000021ae6e4d290,
0x0000021ae6e51ac0, 0x0000021ae6e4fde0, 0x0000021ae6e54140, 0x0000021ae6e502b0,
0x0000021ae6e4d760, 0x0000021ae6e50c50, 0x0000021ae6e4dc30, 0x0000021ae6e4f440,
0x0000021ae6e4f910, 0x0000021ae6e515f0, 0x0000021ae6e537a0, 0x0000021ae6e52e00,
0x0000021ae6e52930, 0x0000021ae6e53c70, 0x0000021ae6e532d0
}

Java Threads: ( => current thread )
  0x0000021ac46aa4b0 JavaThread "main" [_thread_blocked, id=21428, stack(0x00000071bdc00000,0x00000071bdd00000)]
  0x0000021ae3236240 JavaThread "Reference Handler" daemon [_thread_blocked, id=10892, stack(0x00000071be300000,0x00000071be400000)]
  0x0000021ae3238d00 JavaThread "Finalizer" daemon [_thread_blocked, id=13472, stack(0x00000071be400000,0x00000071be500000)]
  0x0000021ae3250d40 JavaThread "Signal Dispatcher" daemon [_thread_blocked, id=11244, stack(0x00000071be500000,0x00000071be600000)]
  0x0000021ae3251700 JavaThread "Attach Listener" daemon [_thread_blocked, id=3280, stack(0x00000071be600000,0x00000071be700000)]
  0x0000021ae32521b0 JavaThread "Service Thread" daemon [_thread_blocked, id=13052, stack(0x00000071be700000,0x00000071be800000)]
=>0x0000021ae3253040 JavaThread "C2 CompilerThread0" daemon [_thread_in_native, id=16000, stack(0x00000071be800000,0x00000071be900000)]
  0x0000021ae3253be0 JavaThread "C1 CompilerThread0" daemon [_thread_blocked, id=4748, stack(0x00000071be900000,0x00000071bea00000)]
  0x0000021ae32691d0 JavaThread "Sweeper thread" daemon [_thread_blocked, id=8252, stack(0x00000071bea00000,0x00000071beb00000)]
  0x0000021ae3c95770 JavaThread "Common-Cleaner" daemon [_thread_blocked, id=19244, stack(0x00000071beb00000,0x00000071bec00000)]
  0x0000021ae3cc0cd0 JavaThread "Notification Thread" daemon [_thread_blocked, id=9504, stack(0x00000071bec00000,0x00000071bed00000)]
  0x0000021ae5a90fb0 JavaThread "Daemon health stats" [_thread_blocked, id=12876, stack(0x00000071bf300000,0x00000071bf400000)]
  0x0000021ae580e7a0 JavaThread "Incoming local TCP Connector on port 59275" [_thread_in_native, id=6100, stack(0x00000071bee00000,0x00000071bef00000)]
  0x0000021ae5a790b0 JavaThread "Daemon periodic checks" [_thread_blocked, id=13376, stack(0x00000071bef00000,0x00000071bf000000)]
  0x0000021ae4750920 JavaThread "Cache worker for journal cache (C:\Users\ADMINIS\.gradle\caches\journal-1)" [_thread_blocked, id=4800, stack(0x00000071bfb00000,0x00000071bfc00000)]
  0x0000021ae4750df0 JavaThread "File lock request listener" [_thread_in_native, id=2540, stack(0x00000071bfc00000,0x00000071bfd00000)]
  0x0000021ae56bdc20 JavaThread "Cache worker for file hash cache (C:\Users\ADMINIS\.gradle\caches\7.5.1\fileHashes)" [_thread_blocked, id=5756, stack(0x00000071bfe00000,0x00000071bff00000)]
  0x0000021ae56be5c0 JavaThread "File watcher server" daemon [_thread_in_native, id=16452, stack(0x00000071c0000000,0x00000071c0100000)]
  0x0000021ae56bea90 JavaThread "File watcher consumer" daemon [_thread_blocked, id=16684, stack(0x00000071c0100000,0x00000071c0200000)]
  0x0000021ae56c3c60 JavaThread "Cache worker for file content cache (C:\Users\ADMINIS\.gradle\caches\7.5.1\fileContent)" [_thread_blocked, id=11940, stack(0x00000071c0900000,0x00000071c0a00000)]
  0x0000021ae56c02a0 JavaThread "Cache worker for execution history cache (C:\Users\ADMINIS\.gradle\caches\7.5.1\executionHistory)" [_thread_blocked, id=19972, stack(0x00000071c0c00000,0x00000071c0d00000)]
  0x0000021ae56c15e0 JavaThread "jar transforms" [_thread_blocked, id=4844, stack(0x00000071c0d00000,0x00000071c0e00000)]
  0x0000021ae56c1ab0 JavaThread "jar transforms Thread 2" [_thread_blocked, id=16244, stack(0x00000071c0e00000,0x00000071c0f00000)]
  0x0000021ae901f400 JavaThread "jar transforms Thread 3" [_thread_blocked, id=20060, stack(0x00000071c0f00000,0x00000071c1000000)]
  0x0000021ae90193c0 JavaThread "jar transforms Thread 4" [_thread_blocked, id=13664, stack(0x00000071c1000000,0x00000071c1100000)]
  0x0000021ae901d250 JavaThread "jar transforms Thread 5" [_thread_blocked, id=11280, stack(0x00000071c1100000,0x00000071c1200000)]
  0x0000021ae901d720 JavaThread "jar transforms Thread 6" [_thread_blocked, id=10308, stack(0x00000071c1200000,0x00000071c1300000)]
  0x0000021ae901e0c0 JavaThread "Cache worker for kotlin-dsl (C:\Users\ADMINIS\.gradle\caches\7.5.1\kotlin-dsl)" [_thread_blocked, id=21924, stack(0x00000071c1300000,0x00000071c1400000)]
  0x0000021ae901e590 JavaThread "jar transforms Thread 7" [_thread_blocked, id=7992, stack(0x00000071c1400000,0x00000071c1500000)]
  0x0000021ae9018550 JavaThread "jar transforms Thread 8" [_thread_blocked, id=17588, stack(0x00000071c1500000,0x00000071c1600000)]
  0x0000021ae4522a00 JavaThread "Memory manager" [_thread_blocked, id=11712, stack(0x00000071c3b00000,0x00000071c3c00000)]
  0x0000021af0d5ddf0 JavaThread "Daemon Thread 2" [_thread_blocked, id=20280, stack(0x00000071bd900000,0x00000071bda00000)]
  0x0000021af0d5ec60 JavaThread "Handler for socket connection from /127.0.0.1:59275 to /127.0.0.1:53435" [_thread_in_native, id=12200, stack(0x00000071bda00000,0x00000071bdb00000)]
  0x0000021af0d63490 JavaThread "Cancel handler" [_thread_blocked, id=13348, stack(0x00000071bdb00000,0x00000071bdc00000)]
  0x0000021af0d63960 JavaThread "Daemon worker Thread 2" [_thread_in_native, id=12208, stack(0x00000071bf400000,0x00000071bf500000)]
  0x0000021af0d647d0 JavaThread "Asynchronous log dispatcher for DefaultDaemonConnection: socket connection from /127.0.0.1:59275 to /127.0.0.1:53435" [_thread_blocked, id=2480, stack(0x00000071bf500000,0x00000071bf600000)]
  0x0000021af0d5f600 JavaThread "Stdin handler" [_thread_blocked, id=1152, stack(0x00000071bf600000,0x00000071bf700000)]
  0x0000021af0d5e2c0 JavaThread "Daemon client event forwarder" [_thread_blocked, id=544, stack(0x00000071bf700000,0x00000071bf800000)]
  0x0000021af0d5d450 JavaThread "Cache worker for checksums cache (D:\YoucdIApp\android\.gradle\7.5.1\checksums)" [_thread_blocked, id=4528, stack(0x00000071bf800000,0x00000071bf900000)]
  0x0000021af0d60e10 JavaThread "Cache worker for cache directory md-rule (C:\Users\ADMINIS\.gradle\caches\7.5.1\md-rule)" [_thread_blocked, id=17936, stack(0x00000071bf900000,0x00000071bfa00000)]
  0x0000021af0d63e30 JavaThread "Cache worker for file hash cache (D:\YoucdIApp\android\.gradle\7.5.1\fileHashes)" [_thread_blocked, id=11596, stack(0x00000071bfa00000,0x00000071bfb00000)]
  0x0000021af0d60470 JavaThread "Cache worker for cache directory md-supplier (C:\Users\ADMINIS\.gradle\caches\7.5.1\md-supplier)" [_thread_blocked, id=13340, stack(0x00000071bfd00000,0x00000071bfe00000)]
  0x0000021af0d5fad0 JavaThread "Cache worker for dependencies-accessors (D:\YoucdIApp\android\.gradle\7.5.1\dependencies-accessors)" [_thread_blocked, id=20008, stack(0x00000071bff00000,0x00000071c0000000)]
  0x0000021af0d5f130 JavaThread "Cache worker for Build Output Cleanup Cache (D:\YoucdIApp\node_modules\react-native-gradle-plugin\.gradle\buildOutputCleanup)" [_thread_blocked, id=21764, stack(0x00000071c0300000,0x00000071c0400000)]
  0x0000021af0d61c80 JavaThread "Unconstrained build operations" [_thread_blocked, id=21900, stack(0x00000071c0200000,0x00000071c0300000)]
  0x0000021af0d60940 JavaThread "Unconstrained build operations Thread 2" [_thread_blocked, id=11884, stack(0x00000071c0a00000,0x00000071c0b00000)]
  0x0000021af0d612e0 JavaThread "Unconstrained build operations Thread 3" [_thread_blocked, id=5048, stack(0x00000071c0b00000,0x00000071c0c00000)]
  0x0000021af0d617b0 JavaThread "Unconstrained build operations Thread 4" [_thread_blocked, id=22400, stack(0x00000071c1600000,0x00000071c1700000)]
  0x0000021af0d62150 JavaThread "Unconstrained build operations Thread 5" [_thread_blocked, id=4744, stack(0x00000071c1700000,0x00000071c1800000)]
  0x0000021af0d62620 JavaThread "Unconstrained build operations Thread 6" [_thread_blocked, id=13980, stack(0x00000071c1800000,0x00000071c1900000)]
  0x0000021af0d62af0 JavaThread "Unconstrained build operations Thread 7" [_thread_blocked, id=2424, stack(0x00000071c1900000,0x00000071c1a00000)]
  0x0000021af0d5cf80 JavaThread "Unconstrained build operations Thread 8" [_thread_blocked, id=16988, stack(0x00000071c1a00000,0x00000071c1b00000)]
  0x0000021af0d67cc0 JavaThread "Unconstrained build operations Thread 9" [_thread_blocked, id=700, stack(0x00000071c1b00000,0x00000071c1c00000)]
  0x0000021af0d6a810 JavaThread "Unconstrained build operations Thread 10" [_thread_blocked, id=2292, stack(0x00000071c1c00000,0x00000071c1d00000)]
  0x0000021af0d68190 JavaThread "Unconstrained build operations Thread 11" [_thread_blocked, id=5476, stack(0x00000071c1d00000,0x00000071c1e00000)]
  0x0000021af0d68660 JavaThread "Unconstrained build operations Thread 12" [_thread_blocked, id=9176, stack(0x00000071c1e00000,0x00000071c1f00000)]
  0x0000021af0d6b680 JavaThread "Unconstrained build operations Thread 13" [_thread_blocked, id=5740, stack(0x00000071c1f00000,0x00000071c2000000)]
  0x0000021af0d664b0 JavaThread "Unconstrained build operations Thread 14" [_thread_blocked, id=9740, stack(0x00000071c2000000,0x00000071c2100000)]
  0x0000021af0d65fe0 JavaThread "Unconstrained build operations Thread 15" [_thread_blocked, id=20308, stack(0x00000071c2100000,0x00000071c2200000)]
  0x0000021af0d65640 JavaThread "Unconstrained build operations Thread 16" [_thread_blocked, id=15956, stack(0x00000071c2200000,0x00000071c2300000)]
  0x0000021af0d68b30 JavaThread "Unconstrained build operations Thread 17" [_thread_blocked, id=2600, stack(0x00000071c2300000,0x00000071c2400000)]
  0x0000021af0d66980 JavaThread "Unconstrained build operations Thread 18" [_thread_blocked, id=4172, stack(0x00000071c2400000,0x00000071c2500000)]
  0x0000021af0d66e50 JavaThread "Unconstrained build operations Thread 19" [_thread_blocked, id=1368, stack(0x00000071c2500000,0x00000071c2600000)]
  0x0000021af0d677f0 JavaThread "Unconstrained build operations Thread 20" [_thread_blocked, id=7844, stack(0x00000071c2600000,0x00000071c2700000)]
  0x0000021af0d67320 JavaThread "Unconstrained build operations Thread 21" [_thread_blocked, id=2880, stack(0x00000071c2700000,0x00000071c2800000)]
  0x0000021af0d69000 JavaThread "Unconstrained build operations Thread 22" [_thread_blocked, id=4276, stack(0x00000071c2800000,0x00000071c2900000)]
  0x0000021af0d65170 JavaThread "Unconstrained build operations Thread 23" [_thread_blocked, id=17296, stack(0x00000071c2900000,0x00000071c2a00000)]
  0x0000021af0d6bb50 JavaThread "Unconstrained build operations Thread 24" [_thread_blocked, id=20024, stack(0x00000071c2a00000,0x00000071c2b00000)]
  0x0000021af0d65b10 JavaThread "Unconstrained build operations Thread 25" [_thread_blocked, id=21736, stack(0x00000071c2b00000,0x00000071c2c00000)]
  0x0000021af0d694d0 JavaThread "Unconstrained build operations Thread 26" [_thread_blocked, id=5396, stack(0x00000071c2c00000,0x00000071c2d00000)]
  0x0000021af0d69e70 JavaThread "Unconstrained build operations Thread 27" [_thread_blocked, id=18376, stack(0x00000071c2d00000,0x00000071c2e00000)]
  0x0000021af0d699a0 JavaThread "Unconstrained build operations Thread 28" [_thread_blocked, id=3364, stack(0x00000071c2e00000,0x00000071c2f00000)]
  0x0000021af0d6a340 JavaThread "Unconstrained build operations Thread 29" [_thread_blocked, id=20912, stack(0x00000071c2f00000,0x00000071c3000000)]
  0x0000021af0d6ace0 JavaThread "Unconstrained build operations Thread 30" [_thread_blocked, id=21216, stack(0x00000071c3000000,0x00000071c3100000)]
  0x0000021af0d6b1b0 JavaThread "Unconstrained build operations Thread 31" [_thread_blocked, id=5864, stack(0x00000071c3100000,0x00000071c3200000)]
  0x0000021af0d6c020 JavaThread "Unconstrained build operations Thread 32" [_thread_blocked, id=16568, stack(0x00000071c3200000,0x00000071c3300000)]
  0x0000021af0d6c4f0 JavaThread "Unconstrained build operations Thread 33" [_thread_blocked, id=13444, stack(0x00000071c3300000,0x00000071c3400000)]
  0x0000021af0d64ca0 JavaThread "build event listener" [_thread_blocked, id=16080, stack(0x00000071c3400000,0x00000071c3500000)]
  0x0000021ae9cb6e40 JavaThread "Cache worker for Build Output Cleanup Cache (D:\YoucdIApp\android\.gradle\buildOutputCleanup)" [_thread_blocked, id=13968, stack(0x00000071c3600000,0x00000071c3700000)]
  0x0000021ae9cbacd0 JavaThread "included builds" [_thread_blocked, id=2636, stack(0x00000071c3700000,0x00000071c3800000)]
  0x0000021ae9cb5630 JavaThread "Execution worker" [_thread_blocked, id=4400, stack(0x00000071c3800000,0x00000071c3900000)]
  0x0000021ae9cb94c0 JavaThread "Execution worker Thread 2" [_thread_blocked, id=11224, stack(0x00000071c3900000,0x00000071c3a00000)]
  0x0000021ae9cb5b00 JavaThread "Execution worker Thread 3" [_thread_blocked, id=10904, stack(0x00000071c3a00000,0x00000071c3b00000)]
  0x0000021ae9cbb670 JavaThread "Execution worker Thread 4" [_thread_blocked, id=21836, stack(0x00000071c3c00000,0x00000071c3d00000)]
  0x0000021ae9cb42f0 JavaThread "Execution worker Thread 5" [_thread_blocked, id=9852, stack(0x00000071c3d00000,0x00000071c3e00000)]
  0x0000021ae9cb7310 JavaThread "Execution worker Thread 6" [_thread_blocked, id=3900, stack(0x00000071c3e00000,0x00000071c3f00000)]
  0x0000021ae9cb8ff0 JavaThread "Execution worker Thread 7" [_thread_blocked, id=2688, stack(0x00000071c3f00000,0x00000071c4000000)]
  0x0000021ae9cb5fd0 JavaThread "Cache worker for execution history cache (D:\YoucdIApp\node_modules\react-native-gradle-plugin\.gradle\7.5.1\executionHistory)" [_thread_blocked, id=21492, stack(0x00000071c4000000,0x00000071c4100000)]
  0x0000021ae9cb47c0 JavaThread "Unconstrained build operations Thread 34" [_thread_blocked, id=21104, stack(0x00000071c3500000,0x00000071c3600000)]
  0x0000021ae9cb77e0 JavaThread "Unconstrained build operations Thread 35" [_thread_blocked, id=20136, stack(0x00000071c4100000,0x00000071c4200000)]
  0x0000021ae9cb4c90 JavaThread "Unconstrained build operations Thread 36" [_thread_blocked, id=11928, stack(0x00000071c4200000,0x00000071c4300000)]
  0x0000021ae9cb5160 JavaThread "Unconstrained build operations Thread 37" [_thread_blocked, id=13552, stack(0x00000071c4300000,0x00000071c4400000)]
  0x0000021ae9cb64a0 JavaThread "Unconstrained build operations Thread 38" [_thread_blocked, id=16852, stack(0x00000071c4400000,0x00000071c4500000)]
  0x0000021ae9cb6970 JavaThread "Unconstrained build operations Thread 39" [_thread_blocked, id=20444, stack(0x00000071c4500000,0x00000071c4600000)]
  0x0000021ae9cb7cb0 JavaThread "Unconstrained build operations Thread 40" [_thread_blocked, id=8080, stack(0x00000071c4600000,0x00000071c4700000)]
  0x0000021ae9cb8180 JavaThread "Unconstrained build operations Thread 41" [_thread_blocked, id=5736, stack(0x00000071c4700000,0x00000071c4800000)]
  0x0000021ae9cb8650 JavaThread "Unconstrained build operations Thread 42" [_thread_blocked, id=20588, stack(0x00000071c4800000,0x00000071c4900000)]
  0x0000021ae9cb8b20 JavaThread "Unconstrained build operations Thread 43" [_thread_blocked, id=13880, stack(0x00000071c4900000,0x00000071c4a00000)]
  0x0000021ae9a52260 JavaThread "Unconstrained build operations Thread 44" [_thread_blocked, id=17180, stack(0x00000071c4a00000,0x00000071c4b00000)]
  0x0000021ae9a51d90 JavaThread "Unconstrained build operations Thread 45" [_thread_blocked, id=10384, stack(0x00000071c4b00000,0x00000071c4c00000)]
  0x0000021ae9a4aee0 JavaThread "Unconstrained build operations Thread 46" [_thread_blocked, id=21168, stack(0x00000071c4c00000,0x00000071c4d00000)]
  0x0000021ae9a4b3b0 JavaThread "Unconstrained build operations Thread 47" [_thread_blocked, id=3272, stack(0x00000071c4d00000,0x00000071c4e00000)]
  0x0000021ae9a4b880 JavaThread "Unconstrained build operations Thread 48" [_thread_blocked, id=4872, stack(0x00000071c4e00000,0x00000071c4f00000)]
  0x0000021ae9a50f20 JavaThread "Unconstrained build operations Thread 49" [_thread_blocked, id=5624, stack(0x00000071c4f00000,0x00000071c5000000)]
  0x0000021ae9a4bd50 JavaThread "Unconstrained build operations Thread 50" [_thread_blocked, id=8512, stack(0x00000071c5000000,0x00000071c5100000)]
  0x0000021ae9a4c6f0 JavaThread "Unconstrained build operations Thread 51" [_thread_blocked, id=15616, stack(0x00000071c5100000,0x00000071c5200000)]
  0x0000021ae9a4da30 JavaThread "Unconstrained build operations Thread 52" [_thread_blocked, id=1816, stack(0x00000071c5200000,0x00000071c5300000)]
  0x0000021ae9a4f710 JavaThread "Unconstrained build operations Thread 53" [_thread_blocked, id=13336, stack(0x00000071c5300000,0x00000071c5400000)]
  0x0000021ae9a4fbe0 JavaThread "Unconstrained build operations Thread 54" [_thread_blocked, id=17448, stack(0x00000071c5400000,0x00000071c5500000)]
  0x0000021ae9a4c220 JavaThread "Unconstrained build operations Thread 55" [_thread_blocked, id=16448, stack(0x00000071c5500000,0x00000071c5600000)]
  0x0000021ae9a4d090 JavaThread "Unconstrained build operations Thread 56" [_thread_blocked, id=21396, stack(0x00000071c5700000,0x00000071c5800000)]
  0x0000021ae9a4d560 JavaThread "Unconstrained build operations Thread 57" [_thread_blocked, id=6552, stack(0x00000071c5800000,0x00000071c5900000)]
  0x0000021ae9a4e3d0 JavaThread "Unconstrained build operations Thread 58" [_thread_blocked, id=4688, stack(0x00000071c5900000,0x00000071c5a00000)]
  0x0000021ae9a52730 JavaThread "Unconstrained build operations Thread 59" [_thread_blocked, id=3904, stack(0x00000071c5a00000,0x00000071c5b00000)]
  0x0000021ae9a513f0 JavaThread "Unconstrained build operations Thread 60" [_thread_blocked, id=10520, stack(0x00000071c5b00000,0x00000071c5c00000)]
  0x0000021ae9a518c0 JavaThread "Unconstrained build operations Thread 61" [_thread_blocked, id=22176, stack(0x00000071c5c00000,0x00000071c5d00000)]
  0x0000021ae9a4ed70 JavaThread "Unconstrained build operations Thread 62" [_thread_blocked, id=22304, stack(0x00000071c5d00000,0x00000071c5e00000)]
  0x0000021ae9a4f240 JavaThread "Unconstrained build operations Thread 63" [_thread_blocked, id=10896, stack(0x00000071c5e00000,0x00000071c5f00000)]
  0x0000021ae9a500b0 JavaThread "Unconstrained build operations Thread 64" [_thread_blocked, id=10292, stack(0x00000071c5f00000,0x00000071c6000000)]
  0x0000021ae6e4d290 JavaThread "Unconstrained build operations Thread 65" [_thread_blocked, id=21768, stack(0x00000071c6000000,0x00000071c6100000)]
  0x0000021ae6e51ac0 JavaThread "Unconstrained build operations Thread 66" [_thread_blocked, id=12448, stack(0x00000071c6100000,0x00000071c6200000)]
  0x0000021ae6e4fde0 JavaThread "Unconstrained build operations Thread 67" [_thread_blocked, id=2820, stack(0x00000071c6200000,0x00000071c6300000)]
  0x0000021ae6e54140 JavaThread "Unconstrained build operations Thread 68" [_thread_blocked, id=9424, stack(0x00000071c6300000,0x00000071c6400000)]
  0x0000021ae6e502b0 JavaThread "Unconstrained build operations Thread 69" [_thread_blocked, id=14892, stack(0x00000071c6400000,0x00000071c6500000)]
  0x0000021ae6e4d760 JavaThread "Unconstrained build operations Thread 70" [_thread_blocked, id=12044, stack(0x00000071c6500000,0x00000071c6600000)]
  0x0000021ae6e50c50 JavaThread "Unconstrained build operations Thread 71" [_thread_blocked, id=8688, stack(0x00000071c6600000,0x00000071c6700000)]
  0x0000021ae6e4dc30 JavaThread "Unconstrained build operations Thread 72" [_thread_blocked, id=21904, stack(0x00000071c6700000,0x00000071c6800000)]
  0x0000021ae6e4f440 JavaThread "Unconstrained build operations Thread 73" [_thread_blocked, id=16992, stack(0x00000071c6800000,0x00000071c6900000)]
  0x0000021ae6e4f910 JavaThread "Unconstrained build operations Thread 74" [_thread_blocked, id=6732, stack(0x00000071c6900000,0x00000071c6a00000)]
  0x0000021ae6e515f0 JavaThread "Unconstrained build operations Thread 75" [_thread_blocked, id=9128, stack(0x00000071c6a00000,0x00000071c6b00000)]
  0x0000021ae6e537a0 JavaThread "Unconstrained build operations Thread 76" [_thread_blocked, id=22248, stack(0x00000071c6b00000,0x00000071c6c00000)]
  0x0000021ae6e52e00 JavaThread "Unconstrained build operations Thread 77" [_thread_blocked, id=13860, stack(0x00000071c6c00000,0x00000071c6d00000)]
  0x0000021ae6e52930 JavaThread "Unconstrained build operations Thread 78" [_thread_blocked, id=10508, stack(0x00000071c6d00000,0x00000071c6e00000)]
  0x0000021ae6e53c70 JavaThread "Unconstrained build operations Thread 79" [_thread_blocked, id=13092, stack(0x00000071c6e00000,0x00000071c6f00000)]
  0x0000021ae6e532d0 JavaThread "Unconstrained build operations Thread 80" [_thread_blocked, id=21664, stack(0x00000071c6f00000,0x00000071c7000000)]

Other Threads:
  0x0000021ae3233d20 VMThread "VM Thread" [stack: 0x00000071be200000,0x00000071be300000] [id=1536]
  0x0000021ae3cc2ea0 WatcherThread [stack: 0x00000071bed00000,0x00000071bee00000] [id=7112]
  0x0000021ac46eb7f0 GCTaskThread "GC Thread#0" [stack: 0x00000071bdd00000,0x00000071bde00000] [id=11808]
  0x0000021ae43c1ff0 GCTaskThread "GC Thread#1" [stack: 0x00000071bf000000,0x00000071bf100000] [id=18452]
  0x0000021ae43c09a0 GCTaskThread "GC Thread#2" [stack: 0x00000071bf100000,0x00000071bf200000] [id=6340]
  0x0000021ae43c0cd0 GCTaskThread "GC Thread#3" [stack: 0x00000071bf200000,0x00000071bf300000] [id=3732]
  0x0000021ae43c1330 GCTaskThread "GC Thread#4" [stack: 0x00000071c0400000,0x00000071c0500000] [id=14388]
  0x0000021ae43bf020 GCTaskThread "GC Thread#5" [stack: 0x00000071c0500000,0x00000071c0600000] [id=17036]
  0x0000021ae43c1cc0 GCTaskThread "GC Thread#6" [stack: 0x00000071c0600000,0x00000071c0700000] [id=5812]
  0x0000021ae6d59010 GCTaskThread "GC Thread#7" [stack: 0x00000071c0700000,0x00000071c0800000] [id=15844]
  0x0000021ac46fda50 ConcurrentGCThread "G1 Main Marker" [stack: 0x00000071bde00000,0x00000071bdf00000] [id=10608]
  0x0000021ac46fe640 ConcurrentGCThread "G1 Conc#0" [stack: 0x00000071bdf00000,0x00000071be000000] [id=1888]
  0x0000021ae6d589b0 ConcurrentGCThread "G1 Conc#1" [stack: 0x00000071c0800000,0x00000071c0900000] [id=15556]
  0x0000021ac476d4c0 ConcurrentGCThread "G1 Refine#0" [stack: 0x00000071be000000,0x00000071be100000] [id=12516]
  0x0000021aefade8a0 ConcurrentGCThread "G1 Refine#1" [stack: 0x00000071c5600000,0x00000071c5700000] [id=15768]
  0x0000021aefae0dc0 ConcurrentGCThread "G1 Refine#2" [stack: 0x00000071c7000000,0x00000071c7100000] [id=796]
  0x0000021aefadf980 ConcurrentGCThread "G1 Refine#3" [stack: 0x00000071c7100000,0x00000071c7200000] [id=13536]
  0x0000021aefae03a0 ConcurrentGCThread "G1 Refine#4" [stack: 0x00000071c7200000,0x00000071c7300000] [id=9028]
  0x0000021aefae1120 ConcurrentGCThread "G1 Refine#5" [stack: 0x00000071c7300000,0x00000071c7400000] [id=14804]
  0x0000021aefae0a60 ConcurrentGCThread "G1 Refine#6" [stack: 0x00000071c7400000,0x00000071c7500000] [id=2892]
  0x0000021aefadde80 ConcurrentGCThread "G1 Refine#7" [stack: 0x00000071c7500000,0x00000071c7600000] [id=23264]
  0x0000021ac476e0c0 ConcurrentGCThread "G1 Young RemSet Sampling" [stack: 0x00000071be100000,0x00000071be200000] [id=22100]

Threads with active compile tasks:
C2 CompilerThread0  3266190 14704       4       org.gradle.internal.ImmutableActionSet::add (93 bytes)

VM state: not at safepoint (normal execution)

VM Mutex/Monitor currently owned by a thread: None

Heap address: 0x0000000080000000, size: 2048 MB, Compressed Oops mode: 32-bit
CDS archive(s) mapped at: [0x0000000800000000-0x0000000800b50000-0x0000000800b50000), size 11862016, SharedBaseAddress: 0x0000000800000000, ArchiveRelocationMode: 0.
Compressed class space mapped at: 0x0000000800b50000-0x0000000820350000, size: 528482304
Narrow klass base: 0x0000000800000000, Narrow klass shift: 3, Narrow klass range: 0x100000000

GC Precious Log:
 CPUs: 8 total, 8 available
 Memory: 12055M
 Large Page Support: Disabled
 NUMA Support: Disabled
 Compressed Oops: Enabled (32-bit)
 Heap Region Size: 1M
 Heap Min Capacity: 8M
 Heap Initial Capacity: 190M
 Heap Max Capacity: 2G
 Pre-touch: Disabled
 Parallel Workers: 8
 Concurrent Workers: 2
 Concurrent Refinement Workers: 8
 Periodic GC: Disabled

Heap:
 garbage-first heap   total 209920K, used 110249K [0x0000000080000000, 0x0000000100000000)
  region size 1024K, 14 young (14336K), 1 survivors (1024K)
 Metaspace       used 113813K, capacity 115898K, committed 116712K, reserved 618496K
  class space    used 15043K, capacity 15761K, committed 16000K, reserved 516096K

Heap Regions: E=young(eden), S=young(survivor), O=old, HS=humongous(starts), HC=humongous(continues), CS=collection set, F=free, OA=open archive, CA=closed archive, TAMS=top-at-mark-start (previous, next)
|   0|0x0000000080000000, 0x0000000080100000, 0x0000000080100000|100%| O|  |TAMS 0x0000000080100000, 0x0000000080000000| Untracked 
|   1|0x0000000080100000, 0x0000000080200000, 0x0000000080200000|100%| O|  |TAMS 0x0000000080200000, 0x0000000080100000| Untracked 
|   2|0x0000000080200000, 0x0000000080300000, 0x0000000080300000|100%| O|  |TAMS 0x0000000080200000, 0x0000000080200000| Untracked 
|   3|0x0000000080300000, 0x0000000080400000, 0x0000000080400000|100%|HS|  |TAMS 0x0000000080400000, 0x0000000080300000| Complete 
|   4|0x0000000080400000, 0x0000000080500000, 0x0000000080500000|100%|HC|  |TAMS 0x0000000080500000, 0x0000000080400000| Complete 
|   5|0x0000000080500000, 0x0000000080600000, 0x0000000080600000|100%|HC|  |TAMS 0x0000000080600000, 0x0000000080500000| Complete 
|   6|0x0000000080600000, 0x0000000080700000, 0x0000000080700000|100%| O|  |TAMS 0x0000000080700000, 0x0000000080600000| Untracked 
|   7|0x0000000080700000, 0x0000000080800000, 0x0000000080800000|100%| O|  |TAMS 0x0000000080800000, 0x0000000080700000| Untracked 
|   8|0x0000000080800000, 0x0000000080900000, 0x0000000080900000|100%| O|  |TAMS 0x0000000080900000, 0x0000000080800000| Untracked 
|   9|0x0000000080900000, 0x0000000080a00000, 0x0000000080a00000|100%| O|  |TAMS 0x0000000080a00000, 0x0000000080900000| Untracked 
|  10|0x0000000080a00000, 0x0000000080b00000, 0x0000000080b00000|100%| O|  |TAMS 0x0000000080b00000, 0x0000000080a00000| Untracked 
|  11|0x0000000080b00000, 0x0000000080c00000, 0x0000000080c00000|100%| O|  |TAMS 0x0000000080c00000, 0x0000000080b00000| Untracked 
|  12|0x0000000080c00000, 0x0000000080d00000, 0x0000000080d00000|100%| O|  |TAMS 0x0000000080d00000, 0x0000000080c00000| Untracked 
|  13|0x0000000080d00000, 0x0000000080e00000, 0x0000000080e00000|100%| O|  |TAMS 0x0000000080e00000, 0x0000000080d00000| Untracked 
|  14|0x0000000080e00000, 0x0000000080f00000, 0x0000000080f00000|100%| O|  |TAMS 0x0000000080f00000, 0x0000000080e00000| Untracked 
|  15|0x0000000080f00000, 0x0000000081000000, 0x0000000081000000|100%| O|  |TAMS 0x0000000081000000, 0x0000000080f00000| Untracked 
|  16|0x0000000081000000, 0x0000000081100000, 0x0000000081100000|100%| O|  |TAMS 0x0000000081100000, 0x0000000081000000| Untracked 
|  17|0x0000000081100000, 0x0000000081200000, 0x0000000081200000|100%| O|  |TAMS 0x0000000081200000, 0x0000000081100000| Untracked 
|  18|0x0000000081200000, 0x0000000081300000, 0x0000000081300000|100%| O|  |TAMS 0x0000000081300000, 0x0000000081200000| Untracked 
|  19|0x0000000081300000, 0x0000000081400000, 0x0000000081400000|100%| O|  |TAMS 0x0000000081400000, 0x0000000081300000| Untracked 
|  20|0x0000000081400000, 0x0000000081500000, 0x0000000081500000|100%| O|  |TAMS 0x0000000081400000, 0x0000000081400000| Untracked 
|  21|0x0000000081500000, 0x0000000081600000, 0x0000000081600000|100%| O|  |TAMS 0x0000000081500000, 0x0000000081500000| Untracked 
|  22|0x0000000081600000, 0x0000000081700000, 0x0000000081700000|100%| O|  |TAMS 0x0000000081700000, 0x0000000081600000| Untracked 
|  23|0x0000000081700000, 0x0000000081800000, 0x0000000081800000|100%| O|  |TAMS 0x0000000081800000, 0x0000000081700000| Untracked 
|  24|0x0000000081800000, 0x0000000081900000, 0x0000000081900000|100%| O|  |TAMS 0x0000000081900000, 0x0000000081800000| Untracked 
|  25|0x0000000081900000, 0x0000000081a00000, 0x0000000081a00000|100%| O|  |TAMS 0x0000000081900000, 0x0000000081900000| Untracked 
|  26|0x0000000081a00000, 0x0000000081b00000, 0x0000000081b00000|100%| O|  |TAMS 0x0000000081b00000, 0x0000000081a00000| Untracked 
|  27|0x0000000081b00000, 0x0000000081c00000, 0x0000000081c00000|100%| O|  |TAMS 0x0000000081c00000, 0x0000000081b00000| Untracked 
|  28|0x0000000081c00000, 0x0000000081d00000, 0x0000000081d00000|100%| O|  |TAMS 0x0000000081d00000, 0x0000000081c00000| Untracked 
|  29|0x0000000081d00000, 0x0000000081e00000, 0x0000000081e00000|100%| O|  |TAMS 0x0000000081e00000, 0x0000000081d00000| Untracked 
|  30|0x0000000081e00000, 0x0000000081f00000, 0x0000000081f00000|100%| O|  |TAMS 0x0000000081f00000, 0x0000000081e00000| Untracked 
|  31|0x0000000081f00000, 0x0000000081f00000, 0x0000000082000000|  0%| F|  |TAMS 0x0000000081f00000, 0x0000000081f00000| Untracked 
|  32|0x0000000082000000, 0x0000000082100000, 0x0000000082100000|100%| O|  |TAMS 0x0000000082100000, 0x0000000082000000| Untracked 
|  33|0x0000000082100000, 0x0000000082200000, 0x0000000082200000|100%| O|  |TAMS 0x0000000082100000, 0x0000000082100000| Untracked 
|  34|0x0000000082200000, 0x0000000082300000, 0x0000000082300000|100%| O|  |TAMS 0x0000000082300000, 0x0000000082200000| Untracked 
|  35|0x0000000082300000, 0x0000000082400000, 0x0000000082400000|100%| O|  |TAMS 0x0000000082400000, 0x0000000082300000| Untracked 
|  36|0x0000000082400000, 0x0000000082400000, 0x0000000082500000|  0%| F|  |TAMS 0x0000000082400000, 0x0000000082400000| Untracked 
|  37|0x0000000082500000, 0x0000000082600000, 0x0000000082600000|100%| O|  |TAMS 0x0000000082600000, 0x0000000082500000| Untracked 
|  38|0x0000000082600000, 0x0000000082700000, 0x0000000082700000|100%| O|  |TAMS 0x0000000082700000, 0x0000000082600000| Untracked 
|  39|0x0000000082700000, 0x0000000082800000, 0x0000000082800000|100%| O|  |TAMS 0x0000000082700000, 0x0000000082700000| Untracked 
|  40|0x0000000082800000, 0x0000000082900000, 0x0000000082900000|100%| O|  |TAMS 0x0000000082900000, 0x0000000082800000| Untracked 
|  41|0x0000000082900000, 0x0000000082a00000, 0x0000000082a00000|100%| O|  |TAMS 0x0000000082900000, 0x0000000082900000| Untracked 
|  42|0x0000000082a00000, 0x0000000082b00000, 0x0000000082b00000|100%|HS|  |TAMS 0x0000000082b00000, 0x0000000082a00000| Complete 
|  43|0x0000000082b00000, 0x0000000082c00000, 0x0000000082c00000|100%|HS|  |TAMS 0x0000000082c00000, 0x0000000082b00000| Complete 
|  44|0x0000000082c00000, 0x0000000082d00000, 0x0000000082d00000|100%|HC|  |TAMS 0x0000000082d00000, 0x0000000082c00000| Complete 
|  45|0x0000000082d00000, 0x0000000082e00000, 0x0000000082e00000|100%|HC|  |TAMS 0x0000000082e00000, 0x0000000082d00000| Complete 
|  46|0x0000000082e00000, 0x0000000082f00000, 0x0000000082f00000|100%| O|  |TAMS 0x0000000082f00000, 0x0000000082e00000| Untracked 
|  47|0x0000000082f00000, 0x0000000083000000, 0x0000000083000000|100%| O|  |TAMS 0x0000000083000000, 0x0000000082f00000| Untracked 
|  48|0x0000000083000000, 0x0000000083100000, 0x0000000083100000|100%| O|  |TAMS 0x0000000083100000, 0x0000000083000000| Untracked 
|  49|0x0000000083100000, 0x0000000083200000, 0x0000000083200000|100%| O|  |TAMS 0x0000000083200000, 0x0000000083100000| Untracked 
|  50|0x0000000083200000, 0x0000000083300000, 0x0000000083300000|100%| O|  |TAMS 0x0000000083300000, 0x0000000083200000| Untracked 
|  51|0x0000000083300000, 0x0000000083400000, 0x0000000083400000|100%| O|  |TAMS 0x0000000083400000, 0x0000000083300000| Untracked 
|  52|0x0000000083400000, 0x0000000083500000, 0x0000000083500000|100%| O|  |TAMS 0x0000000083500000, 0x0000000083400000| Untracked 
|  53|0x0000000083500000, 0x0000000083500000, 0x0000000083600000|  0%| F|  |TAMS 0x0000000083500000, 0x0000000083500000| Untracked 
|  54|0x0000000083600000, 0x0000000083700000, 0x0000000083700000|100%| O|  |TAMS 0x0000000083600000, 0x0000000083600000| Untracked 
|  55|0x0000000083700000, 0x0000000083700000, 0x0000000083800000|  0%| F|  |TAMS 0x0000000083700000, 0x0000000083700000| Untracked 
|  56|0x0000000083800000, 0x0000000083900000, 0x0000000083900000|100%| O|  |TAMS 0x0000000083900000, 0x0000000083800000| Untracked 
|  57|0x0000000083900000, 0x0000000083900000, 0x0000000083a00000|  0%| F|  |TAMS 0x0000000083900000, 0x0000000083900000| Untracked 
|  58|0x0000000083a00000, 0x0000000083b00000, 0x0000000083b00000|100%| O|  |TAMS 0x0000000083b00000, 0x0000000083a00000| Untracked 
|  59|0x0000000083b00000, 0x0000000083c00000, 0x0000000083c00000|100%| O|  |TAMS 0x0000000083c00000, 0x0000000083b00000| Untracked 
|  60|0x0000000083c00000, 0x0000000083d00000, 0x0000000083d00000|100%| O|  |TAMS 0x0000000083c00000, 0x0000000083c00000| Untracked 
|  61|0x0000000083d00000, 0x0000000083e00000, 0x0000000083e00000|100%|HS|  |TAMS 0x0000000083e00000, 0x0000000083d00000| Complete 
|  62|0x0000000083e00000, 0x0000000083f00000, 0x0000000083f00000|100%|HS|  |TAMS 0x0000000083f00000, 0x0000000083e00000| Complete 
|  63|0x0000000083f00000, 0x0000000084000000, 0x0000000084000000|100%| O|  |TAMS 0x0000000083f00000, 0x0000000083f00000| Untracked 
|  64|0x0000000084000000, 0x0000000084000000, 0x0000000084100000|  0%| F|  |TAMS 0x0000000084000000, 0x0000000084000000| Untracked 
|  65|0x0000000084100000, 0x0000000084200000, 0x0000000084200000|100%| O|  |TAMS 0x0000000084200000, 0x0000000084100000| Untracked 
|  66|0x0000000084200000, 0x0000000084300000, 0x0000000084300000|100%| O|  |TAMS 0x0000000084300000, 0x0000000084200000| Untracked 
|  67|0x0000000084300000, 0x0000000084400000, 0x0000000084400000|100%| O|  |TAMS 0x0000000084400000, 0x0000000084300000| Untracked 
|  68|0x0000000084400000, 0x0000000084500000, 0x0000000084500000|100%| O|  |TAMS 0x0000000084500000, 0x0000000084400000| Untracked 
|  69|0x0000000084500000, 0x0000000084600000, 0x0000000084600000|100%| O|  |TAMS 0x0000000084600000, 0x0000000084500000| Untracked 
|  70|0x0000000084600000, 0x0000000084700000, 0x0000000084700000|100%| O|  |TAMS 0x0000000084600000, 0x0000000084600000| Untracked 
|  71|0x0000000084700000, 0x0000000084800000, 0x0000000084800000|100%| O|  |TAMS 0x0000000084700000, 0x0000000084700000| Untracked 
|  72|0x0000000084800000, 0x0000000084900000, 0x0000000084900000|100%| O|  |TAMS 0x0000000084800000, 0x0000000084800000| Untracked 
|  73|0x0000000084900000, 0x0000000084900000, 0x0000000084a00000|  0%| F|  |TAMS 0x0000000084900000, 0x0000000084900000| Untracked 
|  74|0x0000000084a00000, 0x0000000084a00000, 0x0000000084b00000|  0%| F|  |TAMS 0x0000000084a00000, 0x0000000084a00000| Untracked 
|  75|0x0000000084b00000, 0x0000000084baa400, 0x0000000084c00000| 66%| O|  |TAMS 0x0000000084b00000, 0x0000000084b00000| Untracked 
|  76|0x0000000084c00000, 0x0000000084d00000, 0x0000000084d00000|100%| O|  |TAMS 0x0000000084d00000, 0x0000000084c00000| Untracked 
|  77|0x0000000084d00000, 0x0000000084e00000, 0x0000000084e00000|100%| O|  |TAMS 0x0000000084e00000, 0x0000000084d00000| Untracked 
|  78|0x0000000084e00000, 0x0000000084e00000, 0x0000000084f00000|  0%| F|  |TAMS 0x0000000084e00000, 0x0000000084e00000| Untracked 
|  79|0x0000000084f00000, 0x0000000085000000, 0x0000000085000000|100%| O|  |TAMS 0x0000000085000000, 0x0000000084f00000| Untracked 
|  80|0x0000000085000000, 0x0000000085000000, 0x0000000085100000|  0%| F|  |TAMS 0x0000000085000000, 0x0000000085000000| Untracked 
|  81|0x0000000085100000, 0x0000000085100000, 0x0000000085200000|  0%| F|  |TAMS 0x0000000085100000, 0x0000000085100000| Untracked 
|  82|0x0000000085200000, 0x0000000085200000, 0x0000000085300000|  0%| F|  |TAMS 0x0000000085200000, 0x0000000085200000| Untracked 
|  83|0x0000000085300000, 0x0000000085300000, 0x0000000085400000|  0%| F|  |TAMS 0x0000000085300000, 0x0000000085300000| Untracked 
|  84|0x0000000085400000, 0x0000000085400000, 0x0000000085500000|  0%| F|  |TAMS 0x0000000085400000, 0x0000000085400000| Untracked 
|  85|0x0000000085500000, 0x0000000085500000, 0x0000000085600000|  0%| F|  |TAMS 0x0000000085500000, 0x0000000085500000| Untracked 
|  86|0x0000000085600000, 0x0000000085600000, 0x0000000085700000|  0%| F|  |TAMS 0x0000000085600000, 0x0000000085600000| Untracked 
|  87|0x0000000085700000, 0x0000000085700000, 0x0000000085800000|  0%| F|  |TAMS 0x0000000085700000, 0x0000000085700000| Untracked 
|  88|0x0000000085800000, 0x0000000085800000, 0x0000000085900000|  0%| F|  |TAMS 0x0000000085800000, 0x0000000085800000| Untracked 
|  89|0x0000000085900000, 0x0000000085900000, 0x0000000085a00000|  0%| F|  |TAMS 0x0000000085900000, 0x0000000085900000| Untracked 
|  90|0x0000000085a00000, 0x0000000085a00000, 0x0000000085b00000|  0%| F|  |TAMS 0x0000000085a00000, 0x0000000085a00000| Untracked 
|  91|0x0000000085b00000, 0x0000000085b00000, 0x0000000085c00000|  0%| F|  |TAMS 0x0000000085b00000, 0x0000000085b00000| Untracked 
|  92|0x0000000085c00000, 0x0000000085c00000, 0x0000000085d00000|  0%| F|  |TAMS 0x0000000085c00000, 0x0000000085c00000| Untracked 
|  93|0x0000000085d00000, 0x0000000085d00000, 0x0000000085e00000|  0%| F|  |TAMS 0x0000000085d00000, 0x0000000085d00000| Untracked 
|  94|0x0000000085e00000, 0x0000000085e00000, 0x0000000085f00000|  0%| F|  |TAMS 0x0000000085e00000, 0x0000000085e00000| Untracked 
|  95|0x0000000085f00000, 0x0000000085f00000, 0x0000000086000000|  0%| F|  |TAMS 0x0000000085f00000, 0x0000000085f00000| Untracked 
|  96|0x0000000086000000, 0x0000000086100000, 0x0000000086100000|100%| O|  |TAMS 0x0000000086100000, 0x0000000086000000| Untracked 
|  97|0x0000000086100000, 0x0000000086200000, 0x0000000086200000|100%| O|  |TAMS 0x0000000086200000, 0x0000000086100000| Untracked 
|  98|0x0000000086200000, 0x0000000086200000, 0x0000000086300000|  0%| F|  |TAMS 0x0000000086200000, 0x0000000086200000| Untracked 
|  99|0x0000000086300000, 0x0000000086300000, 0x0000000086400000|  0%| F|  |TAMS 0x0000000086300000, 0x0000000086300000| Untracked 
| 100|0x0000000086400000, 0x0000000086500000, 0x0000000086500000|100%| O|  |TAMS 0x0000000086500000, 0x0000000086400000| Untracked 
| 101|0x0000000086500000, 0x0000000086600000, 0x0000000086600000|100%| O|  |TAMS 0x0000000086600000, 0x0000000086500000| Untracked 
| 102|0x0000000086600000, 0x0000000086700000, 0x0000000086700000|100%| O|  |TAMS 0x0000000086700000, 0x0000000086600000| Untracked 
| 103|0x0000000086700000, 0x0000000086800000, 0x0000000086800000|100%| O|  |TAMS 0x0000000086800000, 0x0000000086700000| Untracked 
| 104|0x0000000086800000, 0x0000000086900000, 0x0000000086900000|100%| O|  |TAMS 0x0000000086900000, 0x0000000086800000| Untracked 
| 105|0x0000000086900000, 0x0000000086a00000, 0x0000000086a00000|100%| O|  |TAMS 0x0000000086a00000, 0x0000000086900000| Untracked 
| 106|0x0000000086a00000, 0x0000000086b00000, 0x0000000086b00000|100%| O|  |TAMS 0x0000000086b00000, 0x0000000086a00000| Untracked 
| 107|0x0000000086b00000, 0x0000000086c00000, 0x0000000086c00000|100%| O|  |TAMS 0x0000000086c00000, 0x0000000086b00000| Untracked 
| 108|0x0000000086c00000, 0x0000000086d00000, 0x0000000086d00000|100%| O|  |TAMS 0x0000000086d00000, 0x0000000086c00000| Untracked 
| 109|0x0000000086d00000, 0x0000000086e00000, 0x0000000086e00000|100%| O|  |TAMS 0x0000000086e00000, 0x0000000086d00000| Untracked 
| 110|0x0000000086e00000, 0x0000000086f00000, 0x0000000086f00000|100%| O|  |TAMS 0x0000000086f00000, 0x0000000086e00000| Untracked 
| 111|0x0000000086f00000, 0x0000000087000000, 0x0000000087000000|100%| O|  |TAMS 0x0000000087000000, 0x0000000086f00000| Untracked 
| 112|0x0000000087000000, 0x0000000087100000, 0x0000000087100000|100%| O|  |TAMS 0x0000000087100000, 0x0000000087000000| Untracked 
| 113|0x0000000087100000, 0x0000000087200000, 0x0000000087200000|100%| O|  |TAMS 0x0000000087200000, 0x0000000087100000| Untracked 
| 114|0x0000000087200000, 0x0000000087300000, 0x0000000087300000|100%| O|  |TAMS 0x0000000087300000, 0x0000000087200000| Untracked 
| 115|0x0000000087300000, 0x0000000087400000, 0x0000000087400000|100%| O|  |TAMS 0x0000000087400000, 0x0000000087300000| Untracked 
| 116|0x0000000087400000, 0x0000000087500000, 0x0000000087500000|100%| O|  |TAMS 0x0000000087500000, 0x0000000087400000| Untracked 
| 117|0x0000000087500000, 0x0000000087600000, 0x0000000087600000|100%| O|  |TAMS 0x0000000087600000, 0x0000000087500000| Untracked 
| 118|0x0000000087600000, 0x0000000087700000, 0x0000000087700000|100%| O|  |TAMS 0x0000000087700000, 0x0000000087600000| Untracked 
| 119|0x0000000087700000, 0x0000000087800000, 0x0000000087800000|100%| O|  |TAMS 0x0000000087800000, 0x0000000087700000| Untracked 
| 120|0x0000000087800000, 0x0000000087900000, 0x0000000087900000|100%| O|  |TAMS 0x0000000087900000, 0x0000000087800000| Untracked 
| 121|0x0000000087900000, 0x0000000087900000, 0x0000000087a00000|  0%| F|  |TAMS 0x0000000087900000, 0x0000000087900000| Untracked 
| 122|0x0000000087a00000, 0x0000000087b00000, 0x0000000087b00000|100%| O|  |TAMS 0x0000000087a1ec00, 0x0000000087a00000| Untracked 
| 123|0x0000000087b00000, 0x0000000087b00000, 0x0000000087c00000|  0%| F|  |TAMS 0x0000000087b00000, 0x0000000087b00000| Untracked 
| 124|0x0000000087c00000, 0x0000000087c00000, 0x0000000087d00000|  0%| F|  |TAMS 0x0000000087c00000, 0x0000000087c00000| Untracked 
| 125|0x0000000087d00000, 0x0000000087d00000, 0x0000000087e00000|  0%| F|  |TAMS 0x0000000087d00000, 0x0000000087d00000| Untracked 
| 126|0x0000000087e00000, 0x0000000087e00000, 0x0000000087f00000|  0%| F|  |TAMS 0x0000000087e00000, 0x0000000087e00000| Untracked 
| 127|0x0000000087f00000, 0x0000000087f00000, 0x0000000088000000|  0%| F|  |TAMS 0x0000000087f00000, 0x0000000087f00000| Untracked 
| 128|0x0000000088000000, 0x0000000088000000, 0x0000000088100000|  0%| F|  |TAMS 0x0000000088000000, 0x0000000088000000| Untracked 
| 129|0x0000000088100000, 0x0000000088100000, 0x0000000088200000|  0%| F|  |TAMS 0x0000000088100000, 0x0000000088100000| Untracked 
| 130|0x0000000088200000, 0x0000000088200000, 0x0000000088300000|  0%| F|  |TAMS 0x0000000088200000, 0x0000000088200000| Untracked 
| 131|0x0000000088300000, 0x0000000088300000, 0x0000000088400000|  0%| F|  |TAMS 0x0000000088300000, 0x0000000088300000| Untracked 
| 132|0x0000000088400000, 0x0000000088400000, 0x0000000088500000|  0%| F|  |TAMS 0x0000000088400000, 0x0000000088400000| Untracked 
| 133|0x0000000088500000, 0x0000000088500000, 0x0000000088600000|  0%| F|  |TAMS 0x0000000088500000, 0x0000000088500000| Untracked 
| 134|0x0000000088600000, 0x0000000088600000, 0x0000000088700000|  0%| F|  |TAMS 0x0000000088600000, 0x0000000088600000| Untracked 
| 135|0x0000000088700000, 0x0000000088700000, 0x0000000088800000|  0%| F|  |TAMS 0x0000000088700000, 0x0000000088700000| Untracked 
| 136|0x0000000088800000, 0x0000000088800000, 0x0000000088900000|  0%| F|  |TAMS 0x0000000088800000, 0x0000000088800000| Untracked 
| 137|0x0000000088900000, 0x0000000088900000, 0x0000000088a00000|  0%| F|  |TAMS 0x0000000088900000, 0x0000000088900000| Untracked 
| 138|0x0000000088a00000, 0x0000000088a00000, 0x0000000088b00000|  0%| F|  |TAMS 0x0000000088a00000, 0x0000000088a00000| Untracked 
| 139|0x0000000088b00000, 0x0000000088b00000, 0x0000000088c00000|  0%| F|  |TAMS 0x0000000088b00000, 0x0000000088b00000| Untracked 
| 140|0x0000000088c00000, 0x0000000088c00000, 0x0000000088d00000|  0%| F|  |TAMS 0x0000000088c00000, 0x0000000088c00000| Untracked 
| 141|0x0000000088d00000, 0x0000000088d00000, 0x0000000088e00000|  0%| F|  |TAMS 0x0000000088d00000, 0x0000000088d00000| Untracked 
| 142|0x0000000088e00000, 0x0000000088e00000, 0x0000000088f00000|  0%| F|  |TAMS 0x0000000088e00000, 0x0000000088e00000| Untracked 
| 143|0x0000000088f00000, 0x0000000088f00000, 0x0000000089000000|  0%| F|  |TAMS 0x0000000088f00000, 0x0000000088f00000| Untracked 
| 144|0x0000000089000000, 0x0000000089000000, 0x0000000089100000|  0%| F|  |TAMS 0x0000000089000000, 0x0000000089000000| Untracked 
| 145|0x0000000089100000, 0x0000000089100000, 0x0000000089200000|  0%| F|  |TAMS 0x0000000089100000, 0x0000000089100000| Untracked 
| 146|0x0000000089200000, 0x0000000089200000, 0x0000000089300000|  0%| F|  |TAMS 0x0000000089200000, 0x0000000089200000| Untracked 
| 147|0x0000000089300000, 0x0000000089300000, 0x0000000089400000|  0%| F|  |TAMS 0x0000000089300000, 0x0000000089300000| Untracked 
| 148|0x0000000089400000, 0x0000000089400000, 0x0000000089500000|  0%| F|  |TAMS 0x0000000089400000, 0x0000000089400000| Untracked 
| 149|0x0000000089500000, 0x0000000089500000, 0x0000000089600000|  0%| F|  |TAMS 0x0000000089500000, 0x0000000089500000| Untracked 
| 150|0x0000000089600000, 0x0000000089600000, 0x0000000089700000|  0%| F|  |TAMS 0x0000000089600000, 0x0000000089600000| Untracked 
| 151|0x0000000089700000, 0x0000000089700000, 0x0000000089800000|  0%| F|  |TAMS 0x0000000089700000, 0x0000000089700000| Untracked 
| 152|0x0000000089800000, 0x0000000089800000, 0x0000000089900000|  0%| F|  |TAMS 0x0000000089800000, 0x0000000089800000| Untracked 
| 153|0x0000000089900000, 0x0000000089900000, 0x0000000089a00000|  0%| F|  |TAMS 0x0000000089900000, 0x0000000089900000| Untracked 
| 154|0x0000000089a00000, 0x0000000089a00000, 0x0000000089b00000|  0%| F|  |TAMS 0x0000000089a00000, 0x0000000089a00000| Untracked 
| 155|0x0000000089b00000, 0x0000000089b00000, 0x0000000089c00000|  0%| F|  |TAMS 0x0000000089b00000, 0x0000000089b00000| Untracked 
| 156|0x0000000089c00000, 0x0000000089c00000, 0x0000000089d00000|  0%| F|  |TAMS 0x0000000089c00000, 0x0000000089c00000| Untracked 
| 157|0x0000000089d00000, 0x0000000089d00000, 0x0000000089e00000|  0%| F|  |TAMS 0x0000000089d00000, 0x0000000089d00000| Untracked 
| 158|0x0000000089e00000, 0x0000000089e00000, 0x0000000089f00000|  0%| F|  |TAMS 0x0000000089e00000, 0x0000000089e00000| Untracked 
| 159|0x0000000089f00000, 0x0000000089f00000, 0x000000008a000000|  0%| F|  |TAMS 0x0000000089f00000, 0x0000000089f00000| Untracked 
| 160|0x000000008a000000, 0x000000008a000000, 0x000000008a100000|  0%| F|  |TAMS 0x000000008a000000, 0x000000008a000000| Untracked 
| 161|0x000000008a100000, 0x000000008a100000, 0x000000008a200000|  0%| F|  |TAMS 0x000000008a100000, 0x000000008a100000| Untracked 
| 162|0x000000008a200000, 0x000000008a200000, 0x000000008a300000|  0%| F|  |TAMS 0x000000008a200000, 0x000000008a200000| Untracked 
| 163|0x000000008a300000, 0x000000008a300000, 0x000000008a400000|  0%| F|  |TAMS 0x000000008a300000, 0x000000008a300000| Untracked 
| 164|0x000000008a400000, 0x000000008a400000, 0x000000008a500000|  0%| F|  |TAMS 0x000000008a400000, 0x000000008a400000| Untracked 
| 165|0x000000008a500000, 0x000000008a500000, 0x000000008a600000|  0%| F|  |TAMS 0x000000008a500000, 0x000000008a500000| Untracked 
| 166|0x000000008a600000, 0x000000008a600000, 0x000000008a700000|  0%| F|  |TAMS 0x000000008a600000, 0x000000008a600000| Untracked 
| 167|0x000000008a700000, 0x000000008a700000, 0x000000008a800000|  0%| F|  |TAMS 0x000000008a700000, 0x000000008a700000| Untracked 
| 168|0x000000008a800000, 0x000000008a800000, 0x000000008a900000|  0%| F|  |TAMS 0x000000008a800000, 0x000000008a800000| Untracked 
| 169|0x000000008a900000, 0x000000008a900000, 0x000000008aa00000|  0%| F|  |TAMS 0x000000008a900000, 0x000000008a900000| Untracked 
| 170|0x000000008aa00000, 0x000000008aa00000, 0x000000008ab00000|  0%| F|  |TAMS 0x000000008aa00000, 0x000000008aa00000| Untracked 
| 171|0x000000008ab00000, 0x000000008ab00000, 0x000000008ac00000|  0%| F|  |TAMS 0x000000008ab00000, 0x000000008ab00000| Untracked 
| 172|0x000000008ac00000, 0x000000008ac00000, 0x000000008ad00000|  0%| F|  |TAMS 0x000000008ac00000, 0x000000008ac00000| Untracked 
| 173|0x000000008ad00000, 0x000000008ad00000, 0x000000008ae00000|  0%| F|  |TAMS 0x000000008ad00000, 0x000000008ad00000| Untracked 
| 174|0x000000008ae00000, 0x000000008ae00000, 0x000000008af00000|  0%| F|  |TAMS 0x000000008ae00000, 0x000000008ae00000| Untracked 
| 175|0x000000008af00000, 0x000000008af00000, 0x000000008b000000|  0%| F|  |TAMS 0x000000008af00000, 0x000000008af00000| Untracked 
| 176|0x000000008b000000, 0x000000008b000000, 0x000000008b100000|  0%| F|  |TAMS 0x000000008b000000, 0x000000008b000000| Untracked 
| 177|0x000000008b100000, 0x000000008b100000, 0x000000008b200000|  0%| F|  |TAMS 0x000000008b100000, 0x000000008b100000| Untracked 
| 178|0x000000008b200000, 0x000000008b200000, 0x000000008b300000|  0%| F|  |TAMS 0x000000008b200000, 0x000000008b200000| Untracked 
| 179|0x000000008b300000, 0x000000008b300000, 0x000000008b400000|  0%| F|  |TAMS 0x000000008b300000, 0x000000008b300000| Untracked 
| 180|0x000000008b400000, 0x000000008b400000, 0x000000008b500000|  0%| F|  |TAMS 0x000000008b400000, 0x000000008b400000| Untracked 
| 181|0x000000008b500000, 0x000000008b500000, 0x000000008b600000|  0%| F|  |TAMS 0x000000008b500000, 0x000000008b500000| Untracked 
| 182|0x000000008b600000, 0x000000008b600000, 0x000000008b700000|  0%| F|  |TAMS 0x000000008b600000, 0x000000008b600000| Untracked 
| 183|0x000000008b700000, 0x000000008b700000, 0x000000008b800000|  0%| F|  |TAMS 0x000000008b700000, 0x000000008b700000| Untracked 
| 184|0x000000008b800000, 0x000000008b800000, 0x000000008b900000|  0%| F|  |TAMS 0x000000008b800000, 0x000000008b800000| Untracked 
| 185|0x000000008b900000, 0x000000008b900000, 0x000000008ba00000|  0%| F|  |TAMS 0x000000008b900000, 0x000000008b900000| Untracked 
| 186|0x000000008ba00000, 0x000000008ba00000, 0x000000008bb00000|  0%| F|  |TAMS 0x000000008ba00000, 0x000000008ba00000| Untracked 
| 187|0x000000008bb00000, 0x000000008bb00000, 0x000000008bc00000|  0%| F|  |TAMS 0x000000008bb00000, 0x000000008bb00000| Untracked 
| 188|0x000000008bc00000, 0x000000008bc00000, 0x000000008bd00000|  0%| F|  |TAMS 0x000000008bc00000, 0x000000008bc00000| Untracked 
| 189|0x000000008bd00000, 0x000000008bd00000, 0x000000008be00000|  0%| F|  |TAMS 0x000000008bd00000, 0x000000008bd00000| Untracked 
| 190|0x000000008be00000, 0x000000008be00000, 0x000000008bf00000|  0%| F|  |TAMS 0x000000008be00000, 0x000000008be00000| Untracked 
| 191|0x000000008bf00000, 0x000000008c000000, 0x000000008c000000|100%| E|  |TAMS 0x000000008bf00000, 0x000000008bf00000| Complete 
| 192|0x000000008c000000, 0x000000008c100000, 0x000000008c100000|100%| E|CS|TAMS 0x000000008c000000, 0x000000008c000000| Complete 
| 193|0x000000008c100000, 0x000000008c200000, 0x000000008c200000|100%| E|CS|TAMS 0x000000008c100000, 0x000000008c100000| Complete 
| 194|0x000000008c200000, 0x000000008c300000, 0x000000008c300000|100%| E|CS|TAMS 0x000000008c200000, 0x000000008c200000| Complete 
| 195|0x000000008c300000, 0x000000008c400000, 0x000000008c400000|100%| E|CS|TAMS 0x000000008c300000, 0x000000008c300000| Complete 
| 196|0x000000008c400000, 0x000000008c500000, 0x000000008c500000|100%| E|CS|TAMS 0x000000008c400000, 0x000000008c400000| Complete 
| 197|0x000000008c500000, 0x000000008c600000, 0x000000008c600000|100%| E|CS|TAMS 0x000000008c500000, 0x000000008c500000| Complete 
| 198|0x000000008c600000, 0x000000008c700000, 0x000000008c700000|100%| E|CS|TAMS 0x000000008c600000, 0x000000008c600000| Complete 
| 199|0x000000008c700000, 0x000000008c800000, 0x000000008c800000|100%| E|CS|TAMS 0x000000008c700000, 0x000000008c700000| Complete 
| 200|0x000000008c800000, 0x000000008c900000, 0x000000008c900000|100%| E|CS|TAMS 0x000000008c800000, 0x000000008c800000| Complete 
| 201|0x000000008c900000, 0x000000008ca00000, 0x000000008ca00000|100%| S|CS|TAMS 0x000000008c900000, 0x000000008c900000| Complete 
| 202|0x000000008ca00000, 0x000000008cb00000, 0x000000008cb00000|100%| E|CS|TAMS 0x000000008ca00000, 0x000000008ca00000| Complete 
| 203|0x000000008cb00000, 0x000000008cc00000, 0x000000008cc00000|100%| E|CS|TAMS 0x000000008cb00000, 0x000000008cb00000| Complete 
| 204|0x000000008cc00000, 0x000000008cd00000, 0x000000008cd00000|100%| E|CS|TAMS 0x000000008cc00000, 0x000000008cc00000| Complete 

Card table byte_map: [0x0000021adc000000,0x0000021adc400000] _byte_map_base: 0x0000021adbc00000

Marking Bits (Prev, Next): (CMBitMap*) 0x0000021ac46ec0a0, (CMBitMap*) 0x0000021ac46ec060
 Prev Bits: [0x0000021ade800000, 0x0000021ae0800000)
 Next Bits: [0x0000021adc800000, 0x0000021ade800000)

Polling page: 0x0000021ac2680000

Metaspace:

Usage:
  Non-class:     97.85 MB capacity,    96.52 MB ( 99%) used,     1.17 MB (  1%) free+waste,   168.44 KB ( <1%) overhead. 
      Class:     15.39 MB capacity,    14.70 MB ( 96%) used,   639.70 KB (  4%) free+waste,    68.25 KB ( <1%) overhead. 
       Both:    113.24 MB capacity,   111.22 MB ( 98%) used,     1.80 MB (  2%) free+waste,   236.69 KB ( <1%) overhead. 

Virtual space:
  Non-class space:      100.00 MB reserved,      98.35 MB ( 98%) committed 
      Class space:      504.00 MB reserved,      15.62 MB (  3%) committed 
             Both:      604.00 MB reserved,     113.98 MB ( 19%) committed 

Chunk freelists:
   Non-Class:  447.00 KB
       Class:  143.00 KB
        Both:  590.00 KB

MaxMetaspaceSize: 512.00 MB
CompressedClassSpaceSize: 504.00 MB

CodeHeap 'non-profiled nmethods': size=120000Kb used=8822Kb max_used=8907Kb free=111177Kb
 bounds [0x0000021ad43a0000, 0x0000021ad4c90000, 0x0000021adb8d0000]
CodeHeap 'profiled nmethods': size=120000Kb used=24650Kb max_used=25351Kb free=95350Kb
 bounds [0x0000021acce70000, 0x0000021ace740000, 0x0000021ad43a0000]
CodeHeap 'non-nmethods': size=5760Kb used=2470Kb max_used=2540Kb free=3289Kb
 bounds [0x0000021acc8d0000, 0x0000021accb60000, 0x0000021acce70000]
 total_blobs=13227 nmethods=12264 adapters=873
 compilation: enabled
              stopped_count=0, restarted_count=0
 full_count=0

Compilation events (20 events):
Event: 3265.887 Thread 0x0000021ae3253be0 14699       3       com.android.build.api.artifact.impl.StorageProviderImpl$fileStorage$1::invoke (22 bytes)
Event: 3265.888 Thread 0x0000021ae3253be0 nmethod 14699 0x0000021acd78b990 code [0x0000021acd78bbc0, 0x0000021acd78c398]
Event: 3265.892 Thread 0x0000021ae3253040 nmethod 14697 0x0000021ad4951590 code [0x0000021ad4951740, 0x0000021ad49519c8]
Event: 3265.989 Thread 0x0000021ae3253be0 14700       3       org.gradle.api.internal.provider.AbstractCollectionProperty::addAll (16 bytes)
Event: 3265.990 Thread 0x0000021ae3253be0 nmethod 14700 0x0000021acd055610 code [0x0000021acd0558a0, 0x0000021acd056b68]
Event: 3265.990 Thread 0x0000021ae3253be0 14701       1       com.android.build.gradle.internal.services.ProjectServices::getProviderFactory (5 bytes)
Event: 3265.990 Thread 0x0000021ae3253be0 nmethod 14701 0x0000021ad4951290 code [0x0000021ad4951420, 0x0000021ad49514d8]
Event: 3265.990 Thread 0x0000021ae3253be0 14702       3       org.gradle.api.internal.file.collections.DefaultConfigurableFileCollection$UnresolvedItemsCollector::visitContents (54 bytes)
Event: 3265.991 Thread 0x0000021ae3253be0 nmethod 14702 0x0000021acd70b890 code [0x0000021acd70ba80, 0x0000021acd70bf88]
Event: 3265.992 Thread 0x0000021ae3253be0 14703       3       com.android.build.api.artifact.impl.StorageProviderImpl::getStorage (63 bytes)
Event: 3265.994 Thread 0x0000021ae3253be0 nmethod 14703 0x0000021acd129a90 code [0x0000021acd129d80, 0x0000021acd12adc8]
Event: 3265.997 Thread 0x0000021ae3253040 14704       4       org.gradle.internal.ImmutableActionSet::add (93 bytes)
Event: 3266.003 Thread 0x0000021ae3253be0 14705       3       com.android.build.api.artifact.impl.ArtifactsImpl::getArtifactContainer$gradle_core (27 bytes)
Event: 3266.004 Thread 0x0000021ae3253be0 nmethod 14705 0x0000021acd763b90 code [0x0000021acd763dc0, 0x0000021acd764418]
Event: 3266.004 Thread 0x0000021ae3253be0 14706  s    3       com.android.build.api.artifact.impl.TypedStorageProvider::getArtifact$gradle_core (80 bytes)
Event: 3266.005 Thread 0x0000021ae3253be0 nmethod 14706 0x0000021acd427190 code [0x0000021acd427480, 0x0000021acd4285c8]
Event: 3266.017 Thread 0x0000021ae3253be0 14707       1       com.android.build.gradle.internal.core.dsl.impl.ComponentDslInfoImpl::getComponentType (5 bytes)
Event: 3266.017 Thread 0x0000021ae3253be0 nmethod 14707 0x0000021ad4950f90 code [0x0000021ad4951120, 0x0000021ad49511d8]
Event: 3266.018 Thread 0x0000021ae3253be0 14708       1       com.android.build.gradle.internal.services.ProjectServices::getProjectOptions (5 bytes)
Event: 3266.018 Thread 0x0000021ae3253be0 nmethod 14708 0x0000021ad4950c90 code [0x0000021ad4950e20, 0x0000021ad4950ed8]

GC Heap History (20 events):
Event: 37.351 GC heap before
{Heap before GC invocations=52 (full 0):
 garbage-first heap   total 199680K, used 162616K [0x0000000080000000, 0x0000000100000000)
  region size 1024K, 61 young (62464K), 3 survivors (3072K)
 Metaspace       used 96430K, capacity 98362K, committed 98408K, reserved 602112K
  class space    used 12904K, capacity 13564K, committed 13568K, reserved 516096K
}
Event: 37.355 GC heap after
{Heap after GC invocations=53 (full 0):
 garbage-first heap   total 199680K, used 105172K [0x0000000080000000, 0x0000000100000000)
  region size 1024K, 4 young (4096K), 4 survivors (4096K)
 Metaspace       used 96430K, capacity 98362K, committed 98408K, reserved 602112K
  class space    used 12904K, capacity 13564K, committed 13568K, reserved 516096K
}
Event: 37.974 GC heap before
{Heap before GC invocations=54 (full 0):
 garbage-first heap   total 209920K, used 164564K [0x0000000080000000, 0x0000000100000000)
  region size 1024K, 63 young (64512K), 4 survivors (4096K)
 Metaspace       used 96667K, capacity 98652K, committed 98664K, reserved 602112K
  class space    used 12913K, capacity 13568K, committed 13568K, reserved 516096K
}
Event: 37.977 GC heap after
{Heap after GC invocations=55 (full 0):
 garbage-first heap   total 209920K, used 105983K [0x0000000080000000, 0x0000000100000000)
  region size 1024K, 5 young (5120K), 5 survivors (5120K)
 Metaspace       used 96667K, capacity 98652K, committed 98664K, reserved 602112K
  class space    used 12913K, capacity 13568K, committed 13568K, reserved 516096K
}
Event: 38.705 GC heap before
{Heap before GC invocations=55 (full 0):
 garbage-first heap   total 209920K, used 174591K [0x0000000080000000, 0x0000000100000000)
  region size 1024K, 72 young (73728K), 5 survivors (5120K)
 Metaspace       used 97103K, capacity 99066K, committed 99304K, reserved 602112K
  class space    used 12950K, capacity 13621K, committed 13696K, reserved 516096K
}
Event: 38.712 GC heap after
{Heap after GC invocations=56 (full 0):
 garbage-first heap   total 209920K, used 104729K [0x0000000080000000, 0x0000000100000000)
  region size 1024K, 4 young (4096K), 4 survivors (4096K)
 Metaspace       used 97103K, capacity 99066K, committed 99304K, reserved 602112K
  class space    used 12950K, capacity 13621K, committed 13696K, reserved 516096K
}
Event: 2692.309 GC heap before
{Heap before GC invocations=57 (full 0):
 garbage-first heap   total 209920K, used 174361K [0x0000000080000000, 0x0000000100000000)
  region size 1024K, 73 young (74752K), 4 survivors (4096K)
 Metaspace       used 98187K, capacity 100214K, committed 100456K, reserved 604160K
  class space    used 13053K, capacity 13754K, committed 13824K, reserved 516096K
}
Event: 2692.336 GC heap after
{Heap after GC invocations=58 (full 0):
 garbage-first heap   total 209920K, used 104820K [0x0000000080000000, 0x0000000100000000)
  region size 1024K, 4 young (4096K), 4 survivors (4096K)
 Metaspace       used 98187K, capacity 100214K, committed 100456K, reserved 604160K
  class space    used 13053K, capacity 13754K, committed 13824K, reserved 516096K
}
Event: 3242.257 GC heap before
{Heap before GC invocations=58 (full 0):
 garbage-first heap   total 209920K, used 176500K [0x0000000080000000, 0x0000000100000000)
  region size 1024K, 75 young (76800K), 4 survivors (4096K)
 Metaspace       used 99069K, capacity 101309K, committed 101608K, reserved 604160K
  class space    used 13096K, capacity 13898K, committed 13952K, reserved 516096K
}
Event: 3242.304 GC heap after
{Heap after GC invocations=59 (full 0):
 garbage-first heap   total 209920K, used 109812K [0x0000000080000000, 0x0000000100000000)
  region size 1024K, 9 young (9216K), 9 survivors (9216K)
 Metaspace       used 99069K, capacity 101309K, committed 101608K, reserved 604160K
  class space    used 13096K, capacity 13898K, committed 13952K, reserved 516096K
}
Event: 3244.733 GC heap before
{Heap before GC invocations=60 (full 0):
 garbage-first heap   total 209920K, used 182516K [0x0000000080000000, 0x0000000100000000)
  region size 1024K, 73 young (74752K), 9 survivors (9216K)
 Metaspace       used 106032K, capacity 108249K, committed 108776K, reserved 610304K
  class space    used 13845K, capacity 14580K, committed 14720K, reserved 516096K
}
Event: 3244.799 GC heap after
{Heap after GC invocations=61 (full 0):
 garbage-first heap   total 209920K, used 115104K [0x0000000080000000, 0x0000000100000000)
  region size 1024K, 6 young (6144K), 6 survivors (6144K)
 Metaspace       used 106032K, capacity 108249K, committed 108776K, reserved 610304K
  class space    used 13845K, capacity 14580K, committed 14720K, reserved 516096K
}
Event: 3244.976 GC heap before
{Heap before GC invocations=61 (full 0):
 garbage-first heap   total 209920K, used 119200K [0x0000000080000000, 0x0000000100000000)
  region size 1024K, 10 young (10240K), 6 survivors (6144K)
 Metaspace       used 106373K, capacity 108543K, committed 109032K, reserved 612352K
  class space    used 13881K, capacity 14614K, committed 14720K, reserved 516096K
}
Event: 3245.014 GC heap after
{Heap after GC invocations=62 (full 0):
 garbage-first heap   total 209920K, used 104454K [0x0000000080000000, 0x0000000100000000)
  region size 1024K, 1 young (1024K), 1 survivors (1024K)
 Metaspace       used 106373K, capacity 108543K, committed 109032K, reserved 612352K
  class space    used 13881K, capacity 14614K, committed 14720K, reserved 516096K
}
Event: 3245.515 GC heap before
{Heap before GC invocations=62 (full 0):
 garbage-first heap   total 209920K, used 116742K [0x0000000080000000, 0x0000000100000000)
  region size 1024K, 14 young (14336K), 1 survivors (1024K)
 Metaspace       used 107866K, capacity 110047K, committed 110568K, reserved 612352K
  class space    used 14060K, capacity 14774K, committed 14976K, reserved 516096K
}
Event: 3245.519 GC heap after
{Heap after GC invocations=63 (full 0):
 garbage-first heap   total 209920K, used 105044K [0x0000000080000000, 0x0000000100000000)
  region size 1024K, 2 young (2048K), 2 survivors (2048K)
 Metaspace       used 107866K, capacity 110047K, committed 110568K, reserved 612352K
  class space    used 14060K, capacity 14774K, committed 14976K, reserved 516096K
}
Event: 3263.777 GC heap before
{Heap before GC invocations=64 (full 0):
 garbage-first heap   total 209920K, used 175700K [0x0000000080000000, 0x0000000100000000)
  region size 1024K, 70 young (71680K), 2 survivors (2048K)
 Metaspace       used 111125K, capacity 113236K, committed 114024K, reserved 616448K
  class space    used 14516K, capacity 15216K, committed 15360K, reserved 516096K
}
Event: 3263.786 GC heap after
{Heap after GC invocations=65 (full 0):
 garbage-first heap   total 209920K, used 110504K [0x0000000080000000, 0x0000000100000000)
  region size 1024K, 7 young (7168K), 7 survivors (7168K)
 Metaspace       used 111125K, capacity 113236K, committed 114024K, reserved 616448K
  class space    used 14516K, capacity 15216K, committed 15360K, reserved 516096K
}
Event: 3264.012 GC heap before
{Heap before GC invocations=65 (full 0):
 garbage-first heap   total 209920K, used 113576K [0x0000000080000000, 0x0000000100000000)
  region size 1024K, 10 young (10240K), 7 survivors (7168K)
 Metaspace       used 111603K, capacity 113722K, committed 114408K, reserved 616448K
  class space    used 14589K, capacity 15313K, committed 15488K, reserved 516096K
}
Event: 3264.040 GC heap after
{Heap after GC invocations=66 (full 0):
 garbage-first heap   total 209920K, used 97961K [0x0000000080000000, 0x0000000100000000)
  region size 1024K, 1 young (1024K), 1 survivors (1024K)
 Metaspace       used 111603K, capacity 113722K, committed 114408K, reserved 616448K
  class space    used 14589K, capacity 15313K, committed 15488K, reserved 516096K
}

Deoptimization events (20 events):
Event: 3246.561 Thread 0x0000021af0d63960 Uncommon trap: trap_request=0xfffffff4 fr.pc=0x0000021ad45a1248 relative=0x0000000000002ac8
Event: 3246.561 Thread 0x0000021af0d63960 Uncommon trap: reason=null_check action=make_not_entrant pc=0x0000021ad45a1248 method=java.lang.PublicMethods$MethodList.getMostSpecific()Ljava/lang/reflect/Method; @ 41 c2
Event: 3246.561 Thread 0x0000021af0d63960 DEOPT PACKING pc=0x0000021ad45a1248 sp=0x00000071bf4f4020
Event: 3246.561 Thread 0x0000021af0d63960 DEOPT UNPACKING pc=0x0000021acc8d852f sp=0x00000071bf4f3f10 mode 2
Event: 3246.561 Thread 0x0000021af0d63960 Uncommon trap: trap_request=0xfffffff4 fr.pc=0x0000021ad442e79c relative=0x00000000000000fc
Event: 3246.561 Thread 0x0000021af0d63960 Uncommon trap: reason=null_check action=make_not_entrant pc=0x0000021ad442e79c method=java.lang.PublicMethods$MethodList.getMostSpecific()Ljava/lang/reflect/Method; @ 41 c2
Event: 3246.561 Thread 0x0000021af0d63960 DEOPT PACKING pc=0x0000021ad442e79c sp=0x00000071bf4f3fb0
Event: 3246.561 Thread 0x0000021af0d63960 DEOPT UNPACKING pc=0x0000021acc8d852f sp=0x00000071bf4f3f28 mode 2
Event: 3246.835 Thread 0x0000021af0d63960 Uncommon trap: trap_request=0xfffffff4 fr.pc=0x0000021ad4926810 relative=0x0000000000000a10
Event: 3246.835 Thread 0x0000021af0d63960 Uncommon trap: reason=null_check action=make_not_entrant pc=0x0000021ad4926810 method=com.sun.beans.introspect.MethodInfo$MethodOrder.compare(Ljava/lang/reflect/Method;Ljava/lang/reflect/Method;)I @ 145 c2
Event: 3246.835 Thread 0x0000021af0d63960 DEOPT PACKING pc=0x0000021ad4926810 sp=0x00000071bf4f4490
Event: 3246.835 Thread 0x0000021af0d63960 DEOPT UNPACKING pc=0x0000021acc8d852f sp=0x00000071bf4f4430 mode 2
Event: 3246.931 Thread 0x0000021af0d63960 DEOPT PACKING pc=0x0000021ace5d9ea4 sp=0x00000071bf4f4150
Event: 3246.931 Thread 0x0000021af0d63960 DEOPT UNPACKING pc=0x0000021acc91f6cf sp=0x00000071bf4f35d8 mode 0
Event: 3263.146 Thread 0x0000021af0d63960 DEOPT PACKING pc=0x0000021ace52b327 sp=0x00000071bf4f5560
Event: 3263.146 Thread 0x0000021af0d63960 DEOPT UNPACKING pc=0x0000021acc91f6cf sp=0x00000071bf4f4a20 mode 0
Event: 3263.609 Thread 0x0000021af0d63960 Uncommon trap: trap_request=0xfffffff4 fr.pc=0x0000021ad44ee1dc relative=0x00000000000002fc
Event: 3263.609 Thread 0x0000021af0d63960 Uncommon trap: reason=null_check action=make_not_entrant pc=0x0000021ad44ee1dc method=org.gradle.internal.instantiation.generator.AbstractClassGenerator.isLazyAttachProperty(Lorg/gradle/internal/instantiation/generator/AbstractClassGenerator$PropertyMetad
Event: 3263.609 Thread 0x0000021af0d63960 DEOPT PACKING pc=0x0000021ad44ee1dc sp=0x00000071bf4f87f0
Event: 3263.609 Thread 0x0000021af0d63960 DEOPT UNPACKING pc=0x0000021acc8d852f sp=0x00000071bf4f87b0 mode 2

Classes unloaded (20 events):
Event: 3245.643 Thread 0x0000021ae3233d20 Unloading class 0x0000000801881c40 'jdk/internal/reflect/GeneratedConstructorAccessor127'
Event: 3245.643 Thread 0x0000021ae3233d20 Unloading class 0x0000000801881840 'jdk/internal/reflect/GeneratedConstructorAccessor126'
Event: 3245.643 Thread 0x0000021ae3233d20 Unloading class 0x0000000801882440 'jdk/internal/reflect/GeneratedConstructorAccessor125'
Event: 3245.643 Thread 0x0000021ae3233d20 Unloading class 0x0000000801882040 'jdk/internal/reflect/GeneratedConstructorAccessor124'
Event: 3245.643 Thread 0x0000021ae3233d20 Unloading class 0x0000000801882840 'jdk/internal/reflect/GeneratedConstructorAccessor123'
Event: 3245.643 Thread 0x0000021ae3233d20 Unloading class 0x0000000801883040 'jdk/internal/reflect/GeneratedConstructorAccessor122'
Event: 3245.643 Thread 0x0000021ae3233d20 Unloading class 0x0000000801883c40 'jdk/internal/reflect/GeneratedConstructorAccessor121'
Event: 3245.643 Thread 0x0000021ae3233d20 Unloading class 0x0000000801883840 'jdk/internal/reflect/GeneratedConstructorAccessor120'
Event: 3245.643 Thread 0x0000021ae3233d20 Unloading class 0x0000000801884440 'jdk/internal/reflect/GeneratedConstructorAccessor119'
Event: 3245.643 Thread 0x0000021ae3233d20 Unloading class 0x0000000801884040 'jdk/internal/reflect/GeneratedConstructorAccessor118'
Event: 3245.643 Thread 0x0000021ae3233d20 Unloading class 0x0000000801884c40 'jdk/internal/reflect/GeneratedConstructorAccessor117'
Event: 3245.643 Thread 0x0000021ae3233d20 Unloading class 0x0000000801884840 'jdk/internal/reflect/GeneratedConstructorAccessor116'
Event: 3245.643 Thread 0x0000021ae3233d20 Unloading class 0x0000000801885440 'jdk/internal/reflect/GeneratedConstructorAccessor115'
Event: 3245.643 Thread 0x0000021ae3233d20 Unloading class 0x0000000801885040 'jdk/internal/reflect/GeneratedConstructorAccessor114'
Event: 3245.643 Thread 0x0000021ae3233d20 Unloading class 0x0000000801885c40 'jdk/internal/reflect/GeneratedConstructorAccessor113'
Event: 3245.643 Thread 0x0000021ae3233d20 Unloading class 0x0000000801885840 'jdk/internal/reflect/GeneratedConstructorAccessor112'
Event: 3245.643 Thread 0x0000021ae3233d20 Unloading class 0x0000000801880c40 'jdk/internal/reflect/GeneratedConstructorAccessor103'
Event: 3245.643 Thread 0x0000021ae3233d20 Unloading class 0x000000080178d840 'com/android/build/gradle/AndroidConfig$getBootClasspath'
Event: 3245.643 Thread 0x0000021ae3233d20 Unloading class 0x0000000801751040 'jdk/internal/reflect/GeneratedMethodAccessor70'
Event: 3245.643 Thread 0x0000021ae3233d20 Unloading class 0x0000000801625440 'jdk/internal/reflect/GeneratedMethodAccessor49'

Classes redefined (0 events):
No events

Internal exceptions (20 events):
Event: 3246.923 Thread 0x0000021af0d63960 Exception <a 'java/lang/ClassNotFoundException'{0x000000008a5c9200}: com/android/builder/signing/DefaultSigningConfigBeanInfo> (0x000000008a5c9200) 
thrown [./open/src/hotspot/share/classfile/systemDictionary.cpp, line 295]
Event: 3246.923 Thread 0x0000021af0d63960 Exception <a 'java/lang/ClassNotFoundException'{0x000000008a5d3040}: com/android/builder/signing/DefaultSigningConfigCustomizer> (0x000000008a5d3040) 
thrown [./open/src/hotspot/share/classfile/systemDictionary.cpp, line 295]
Event: 3246.924 Thread 0x0000021af0d63960 Exception <a 'java/lang/ClassNotFoundException'{0x000000008a5f43c0}: com/android/build/gradle/internal/dsl/SigningConfigCustomizer> (0x000000008a5f43c0) 
thrown [./open/src/hotspot/share/classfile/systemDictionary.cpp, line 295]
Event: 3246.926 Thread 0x0000021af0d63960 Exception <a 'java/lang/ClassNotFoundException'{0x000000008a406558}: com/android/build/gradle/internal/dsl/SigningConfig$AgpDecoratedCustomizer> (0x000000008a406558) 
thrown [./open/src/hotspot/share/classfile/systemDictionary.cpp, line 295]
Event: 3246.928 Thread 0x0000021af0d63960 Exception <a 'java/lang/ClassNotFoundException'{0x000000008a432348}: com/android/build/gradle/internal/dsl/SigningConfig$AgpDecorated_DecoratedCustomizer> (0x000000008a432348) 
thrown [./open/src/hotspot/share/classfile/systemDictionary.cpp, line 295]
Event: 3246.933 Thread 0x0000021af0d63960 Exception <a 'java/lang/ClassNotFoundException'{0x000000008a4940f0}: build_9cox3mp47y9mb4ow2cor0h0l4$_run_closure2$_closure6BeanInfo> (0x000000008a4940f0) 
thrown [./open/src/hotspot/share/classfile/systemDictionary.cpp, line 295]
Event: 3246.935 Thread 0x0000021af0d63960 Exception <a 'java/lang/ClassNotFoundException'{0x000000008a49e0c0}: build_9cox3mp47y9mb4ow2cor0h0l4$_run_closure2$_closure6Customizer> (0x000000008a49e0c0) 
thrown [./open/src/hotspot/share/classfile/systemDictionary.cpp, line 295]
Event: 3246.938 Thread 0x0000021af0d63960 Exception <a 'java/lang/ClassNotFoundException'{0x000000008a30fe18}: build_9cox3mp47y9mb4ow2cor0h0l4$_run_closure2BeanInfo> (0x000000008a30fe18) 
thrown [./open/src/hotspot/share/classfile/systemDictionary.cpp, line 295]
Event: 3246.939 Thread 0x0000021af0d63960 Exception <a 'java/lang/ClassNotFoundException'{0x000000008a31aa68}: build_9cox3mp47y9mb4ow2cor0h0l4$_run_closure2Customizer> (0x000000008a31aa68) 
thrown [./open/src/hotspot/share/classfile/systemDictionary.cpp, line 295]
Event: 3247.029 Thread 0x0000021af0d63960 Exception <a 'java/lang/ClassNotFoundException'{0x0000000089d500c0}: com/android/build/gradle/internal/dsl/BuildType$AgpDecorated_DecoratedBeanInfo> (0x0000000089d500c0) 
thrown [./open/src/hotspot/share/classfile/systemDictionary.cpp, line 295]
Event: 3247.030 Thread 0x0000021af0d63960 Exception <a 'java/lang/ClassNotFoundException'{0x0000000089d59e20}: com/android/build/gradle/internal/dsl/BuildType$AgpDecoratedBeanInfo> (0x0000000089d59e20) 
thrown [./open/src/hotspot/share/classfile/systemDictionary.cpp, line 295]
Event: 3247.030 Thread 0x0000021af0d63960 Exception <a 'java/lang/ClassNotFoundException'{0x0000000089d63cf0}: com/android/build/gradle/internal/dsl/BuildTypeBeanInfo> (0x0000000089d63cf0) 
thrown [./open/src/hotspot/share/classfile/systemDictionary.cpp, line 295]
Event: 3247.031 Thread 0x0000021af0d63960 Exception <a 'java/lang/ClassNotFoundException'{0x0000000089d6d9d8}: com/android/builder/core/AbstractBuildTypeBeanInfo> (0x0000000089d6d9d8) 
thrown [./open/src/hotspot/share/classfile/systemDictionary.cpp, line 295]
Event: 3247.031 Thread 0x0000021af0d63960 Exception <a 'java/lang/ClassNotFoundException'{0x0000000089d776a8}: com/android/builder/core/AbstractBuildTypeCustomizer> (0x0000000089d776a8) 
thrown [./open/src/hotspot/share/classfile/systemDictionary.cpp, line 295]
Event: 3247.038 Thread 0x0000021af0d63960 Exception <a 'java/lang/ClassNotFoundException'{0x0000000089d9dca8}: com/android/build/gradle/internal/dsl/BuildTypeCustomizer> (0x0000000089d9dca8) 
thrown [./open/src/hotspot/share/classfile/systemDictionary.cpp, line 295]
Event: 3247.041 Thread 0x0000021af0d63960 Exception <a 'java/lang/ClassNotFoundException'{0x0000000089c1faa8}: com/android/build/gradle/internal/dsl/BuildType$AgpDecoratedCustomizer> (0x0000000089c1faa8) 
thrown [./open/src/hotspot/share/classfile/systemDictionary.cpp, line 295]
Event: 3247.043 Thread 0x0000021af0d63960 Exception <a 'java/lang/ClassNotFoundException'{0x0000000089c6aaf8}: com/android/build/gradle/internal/dsl/BuildType$AgpDecorated_DecoratedCustomizer> (0x0000000089c6aaf8) 
thrown [./open/src/hotspot/share/classfile/systemDictionary.cpp, line 295]
Event: 3247.053 Thread 0x0000021af0d63960 Exception <a 'java/lang/ClassNotFoundException'{0x0000000089b47f88}: build_9cox3mp47y9mb4ow2cor0h0l4$_run_closure2$_closure7BeanInfo> (0x0000000089b47f88) 
thrown [./open/src/hotspot/share/classfile/systemDictionary.cpp, line 295]
Event: 3247.054 Thread 0x0000021af0d63960 Exception <a 'java/lang/ClassNotFoundException'{0x0000000089b51f58}: build_9cox3mp47y9mb4ow2cor0h0l4$_run_closure2$_closure7Customizer> (0x0000000089b51f58) 
thrown [./open/src/hotspot/share/classfile/systemDictionary.cpp, line 295]
Event: 3263.609 Thread 0x0000021af0d63960 Implicit null exception at 0x0000021ad44edf50 to 0x0000021ad44ee1cc

Events (20 events):
Event: 3244.975 Executing VM operation: G1CollectForAllocation
Event: 3245.015 Executing VM operation: G1CollectForAllocation done
Event: 3245.515 Executing VM operation: G1TryInitiateConcMark
Event: 3245.519 Executing VM operation: G1TryInitiateConcMark done
Event: 3245.642 Executing VM operation: G1Concurrent
Event: 3245.656 Executing VM operation: G1Concurrent done
Event: 3245.732 Executing VM operation: G1Concurrent
Event: 3245.847 Executing VM operation: G1Concurrent done
Event: 3246.052 Executing VM operation: ICBufferFull
Event: 3246.052 Executing VM operation: ICBufferFull done
Event: 3246.054 Executing VM operation: HandshakeAllThreads
Event: 3246.055 Executing VM operation: HandshakeAllThreads done
Event: 3247.051 Thread 0x0000021ae9efcb70 Thread added: 0x0000021ae9efcb70
Event: 3247.070 Executing VM operation: HandshakeAllThreads
Event: 3247.071 Executing VM operation: HandshakeAllThreads done
Event: 3252.855 Thread 0x0000021ae9efcb70 Thread exited: 0x0000021ae9efcb70
Event: 3263.777 Executing VM operation: G1CollectForAllocation
Event: 3263.786 Executing VM operation: G1CollectForAllocation done
Event: 3264.012 Executing VM operation: G1CollectForAllocation
Event: 3264.044 Executing VM operation: G1CollectForAllocation done


Dynamic libraries:
0x00007ff6f2a70000 - 0x00007ff6f2a7f000 	C:\Program Files\Java\jdk-15.0.1\bin\java.exe
0x00007ffa10310000 - 0x00007ffa10527000 	C:\WINDOWS\SYSTEM32\ntdll.dll
0x00007ffa0f070000 - 0x00007ffa0f134000 	C:\WINDOWS\System32\KERNEL32.DLL
0x00007ffa0d8d0000 - 0x00007ffa0dc7d000 	C:\WINDOWS\System32\KERNELBASE.dll
0x00007ffa0deb0000 - 0x00007ffa0dfc1000 	C:\WINDOWS\System32\ucrtbase.dll
0x00007ff9f4020000 - 0x00007ff9f4039000 	C:\Program Files\Java\jdk-15.0.1\bin\VCRUNTIME140.dll
0x00007ff9f09b0000 - 0x00007ff9f09c8000 	C:\Program Files\Java\jdk-15.0.1\bin\jli.dll
0x00007ffa0ef80000 - 0x00007ffa0f032000 	C:\WINDOWS\System32\ADVAPI32.dll
0x00007ffa101e0000 - 0x00007ffa10287000 	C:\WINDOWS\System32\msvcrt.dll
0x00007ffa0fda0000 - 0x00007ffa0fe49000 	C:\WINDOWS\System32\sechost.dll
0x00007ffa0d8a0000 - 0x00007ffa0d8c8000 	C:\WINDOWS\System32\bcrypt.dll
0x00007ffa0e740000 - 0x00007ffa0e854000 	C:\WINDOWS\System32\RPCRT4.dll
0x00007ffa0edd0000 - 0x00007ffa0ef7e000 	C:\WINDOWS\System32\USER32.dll
0x00007ff9f8180000 - 0x00007ff9f8413000 	C:\WINDOWS\WinSxS\amd64_microsoft.windows.common-controls_6595b64144ccf1df_6.0.22621.3672_none_2713b9d173822955\COMCTL32.dll
0x00007ffa0d750000 - 0x00007ffa0d776000 	C:\WINDOWS\System32\win32u.dll
0x00007ffa0e6f0000 - 0x00007ffa0e719000 	C:\WINDOWS\System32\GDI32.dll
0x00007ffa0d780000 - 0x00007ffa0d899000 	C:\WINDOWS\System32\gdi32full.dll
0x00007ffa0d630000 - 0x00007ffa0d6ca000 	C:\WINDOWS\System32\msvcp_win.dll
0x00007ffa05850000 - 0x00007ffa0585a000 	C:\WINDOWS\SYSTEM32\VERSION.dll
0x00007ffa10290000 - 0x00007ffa102c1000 	C:\WINDOWS\System32\IMM32.DLL
0x00007ffa061d0000 - 0x00007ffa061dc000 	C:\Program Files\Java\jdk-15.0.1\bin\vcruntime140_1.dll
0x00007ff9cec10000 - 0x00007ff9ceca1000 	C:\Program Files\Java\jdk-15.0.1\bin\msvcp140.dll
0x00007ff98d8d0000 - 0x00007ff98e42e000 	C:\Program Files\Java\jdk-15.0.1\bin\server\jvm.dll
0x00007ffa0e670000 - 0x00007ffa0e678000 	C:\WINDOWS\System32\PSAPI.DLL
0x00007ff9f5aa0000 - 0x00007ff9f5aa9000 	C:\WINDOWS\SYSTEM32\WSOCK32.dll
0x00007ffa083d0000 - 0x00007ffa08404000 	C:\WINDOWS\SYSTEM32\WINMM.dll
0x00007ffa0ec50000 - 0x00007ffa0ecc1000 	C:\WINDOWS\System32\WS2_32.dll
0x00007ffa0c650000 - 0x00007ffa0c668000 	C:\WINDOWS\SYSTEM32\kernel.appcore.dll
0x00007ff9f92b0000 - 0x00007ff9f92ba000 	C:\Program Files\Java\jdk-15.0.1\bin\jimage.dll
0x00007ffa0ae80000 - 0x00007ffa0b0b2000 	C:\WINDOWS\SYSTEM32\DBGHELP.DLL
0x00007ffa0e860000 - 0x00007ffa0ebee000 	C:\WINDOWS\System32\combase.dll
0x00007ffa0ff40000 - 0x00007ffa10017000 	C:\WINDOWS\System32\OLEAUT32.dll
0x00007ff9fc700000 - 0x00007ff9fc732000 	C:\WINDOWS\SYSTEM32\dbgcore.DLL
0x00007ffa0d6d0000 - 0x00007ffa0d74b000 	C:\WINDOWS\System32\bcryptPrimitives.dll
0x00007ff9f0700000 - 0x00007ff9f0725000 	C:\Program Files\Java\jdk-15.0.1\bin\java.dll
0x00007ffa0f220000 - 0x00007ffa0fa87000 	C:\WINDOWS\System32\SHELL32.dll
0x00007ffa0b560000 - 0x00007ffa0be5f000 	C:\WINDOWS\SYSTEM32\windows.storage.dll
0x00007ffa0b420000 - 0x00007ffa0b55f000 	C:\WINDOWS\SYSTEM32\wintypes.dll
0x00007ffa0fa90000 - 0x00007ffa0fb89000 	C:\WINDOWS\System32\SHCORE.dll
0x00007ffa0f140000 - 0x00007ffa0f19e000 	C:\WINDOWS\System32\shlwapi.dll
0x00007ffa0d560000 - 0x00007ffa0d587000 	C:\WINDOWS\SYSTEM32\profapi.dll
0x00007ff9f06e0000 - 0x00007ff9f06f9000 	C:\Program Files\Java\jdk-15.0.1\bin\net.dll
0x00007ffa05e50000 - 0x00007ffa05f86000 	C:\WINDOWS\SYSTEM32\WINHTTP.dll
0x00007ffa0cb90000 - 0x00007ffa0cbf9000 	C:\WINDOWS\system32\mswsock.dll
0x00007ff9de750000 - 0x00007ff9de762000 	C:\Program Files\Java\jdk-15.0.1\bin\nio.dll
0x00007ff9de730000 - 0x00007ff9de748000 	C:\Program Files\Java\jdk-15.0.1\bin\zip.dll
0x00007ff9f6960000 - 0x00007ff9f6970000 	C:\Program Files\Java\jdk-15.0.1\bin\verify.dll
0x00007ff9f8b10000 - 0x00007ff9f8b37000 	C:\Users\ADMINIS\.gradle\native\e1d6ef7f7dcc3fd88c89a11ec53ec762bb8ba0a96d01ffa2cd45eb1d1d8dd5c5\windows-amd64\native-platform.dll
0x00007ff9b5770000 - 0x00007ff9b58b4000 	C:\Users\ADMINIS\.gradle\native\0d407fdbe67a94daf76414ababcb853783967236a71b16ec16e742cd7a986fd3\windows-amd64\native-platform-file-events.dll
0x00007ff9f48c0000 - 0x00007ff9f48c9000 	C:\Program Files\Java\jdk-15.0.1\bin\management.dll
0x00007ff9f4790000 - 0x00007ff9f479b000 	C:\Program Files\Java\jdk-15.0.1\bin\management_ext.dll
0x00007ffa0cdb0000 - 0x00007ffa0cdcb000 	C:\WINDOWS\SYSTEM32\CRYPTSP.dll
0x00007ffa0c610000 - 0x00007ffa0c645000 	C:\WINDOWS\system32\rsaenh.dll
0x00007ffa0cc40000 - 0x00007ffa0cc68000 	C:\WINDOWS\SYSTEM32\USERENV.dll
0x00007ffa0cda0000 - 0x00007ffa0cdac000 	C:\WINDOWS\SYSTEM32\CRYPTBASE.dll
0x00007ffa0c0c0000 - 0x00007ffa0c0ed000 	C:\WINDOWS\SYSTEM32\IPHLPAPI.DLL
0x00007ffa0e680000 - 0x00007ffa0e689000 	C:\WINDOWS\System32\NSI.dll
0x00007ffa05e00000 - 0x00007ffa05e19000 	C:\WINDOWS\SYSTEM32\dhcpcsvc6.DLL
0x00007ffa05de0000 - 0x00007ffa05dff000 	C:\WINDOWS\SYSTEM32\dhcpcsvc.DLL
0x00007ffa0c130000 - 0x00007ffa0c228000 	C:\WINDOWS\SYSTEM32\DNSAPI.dll
0x00007ff9f4320000 - 0x00007ff9f432d000 	C:\Program Files\Java\jdk-15.0.1\bin\sunmscapi.dll
0x00007ffa0dd40000 - 0x00007ffa0dea6000 	C:\WINDOWS\System32\CRYPT32.dll
0x00007ffa0cfd0000 - 0x00007ffa0cffe000 	C:\WINDOWS\SYSTEM32\ncrypt.dll
0x00007ffa0cf90000 - 0x00007ffa0cfc7000 	C:\WINDOWS\SYSTEM32\NTASN1.dll
0x00007ffa02970000 - 0x00007ffa0297a000 	C:\Windows\System32\rasadhlp.dll
0x00007ffa05460000 - 0x00007ffa054e3000 	C:\WINDOWS\System32\fwpuclnt.dll

dbghelp: loaded successfully - version: 4.0.5 - missing functions: none
symbol engine: initialized successfully - sym options: 0x614 - pdb path: .;C:\Program Files\Java\jdk-15.0.1\bin;C:\WINDOWS\SYSTEM32;C:\WINDOWS\WinSxS\amd64_microsoft.windows.common-controls_6595b64144ccf1df_6.0.22621.3672_none_2713b9d173822955;C:\Program Files\Java\jdk-15.0.1\bin\server;C:\Users\ADMINIS\.gradle\native\e1d6ef7f7dcc3fd88c89a11ec53ec762bb8ba0a96d01ffa2cd45eb1d1d8dd5c5\windows-amd64;C:\Users\ADMINIS\.gradle\native\0d407fdbe67a94daf76414ababcb853783967236a71b16ec16e742cd7a986fd3\windows-amd64

VM Arguments:
jvm_args: -XX:MaxMetaspaceSize=512m --add-opens=java.base/java.util=ALL-UNNAMED --add-opens=java.base/java.lang=ALL-UNNAMED --add-opens=java.base/java.lang.invoke=ALL-UNNAMED --add-opens=java.base/java.util=ALL-UNNAMED --add-opens=java.prefs/java.util.prefs=ALL-UNNAMED --add-opens=java.prefs/java.util.prefs=ALL-UNNAMED --add-opens=java.base/java.nio.charset=ALL-UNNAMED --add-opens=java.base/java.net=ALL-UNNAMED --add-opens=java.base/java.util.concurrent.atomic=ALL-UNNAMED -Xmx2048m -Dfile.encoding=utf8 -Duser.country=US -Duser.language=en -Duser.variant 
java_command: org.gradle.launcher.daemon.bootstrap.GradleDaemon 7.5.1
java_class_path (initial): C:\Users\ADMINIS\.gradle\wrapper\dists\gradle-7.5.1-all\1ehga6e77gqps5uk2kc5kf1vc\gradle-7.5.1\lib\gradle-launcher-7.5.1.jar
Launcher Type: SUN_STANDARD

[Global flags]
     intx CICompilerCount                          = 4                                         {product} {ergonomic}
   size_t CompressedClassSpaceSize                 = 528482304                                 {product} {ergonomic}
     uint ConcGCThreads                            = 2                                         {product} {ergonomic}
     uint G1ConcRefinementThreads                  = 8                                         {product} {ergonomic}
   size_t G1HeapRegionSize                         = 1048576                                   {product} {ergonomic}
    uintx GCDrainStackTargetSize                   = 64                                        {product} {ergonomic}
   size_t InitialHeapSize                          = 199229440                                 {product} {ergonomic}
   size_t MarkStackSize                            = 4194304                                   {product} {ergonomic}
   size_t MaxHeapSize                              = 2147483648                                {product} {command line}
   size_t MaxMetaspaceSize                         = 536870912                                 {product} {command line}
   size_t MaxNewSize                               = 1287651328                                {product} {ergonomic}
   size_t MinHeapDeltaBytes                        = 1048576                                   {product} {ergonomic}
   size_t MinHeapSize                              = 8388608                                   {product} {ergonomic}
    uintx NonNMethodCodeHeapSize                   = 5839372                                {pd product} {ergonomic}
    uintx NonProfiledCodeHeapSize                  = 122909434                              {pd product} {ergonomic}
    uintx ProfiledCodeHeapSize                     = 122909434                              {pd product} {ergonomic}
    uintx ReservedCodeCacheSize                    = 251658240                              {pd product} {ergonomic}
     bool SegmentedCodeCache                       = true                                      {product} {ergonomic}
   size_t SoftMaxHeapSize                          = 2147483648                             {manageable} {ergonomic}
     bool UseCompressedClassPointers               = true                                 {lp64_product} {ergonomic}
     bool UseCompressedOops                        = true                                 {lp64_product} {ergonomic}
     bool UseG1GC                                  = true                                      {product} {ergonomic}
     bool UseLargePagesIndividualAllocation        = false                                  {pd product} {ergonomic}

Logging:
Log output configuration:
 #0: stdout all=warning uptime,level,tags
 #1: stderr all=off uptime,level,tags

Environment Variables:
JAVA_HOME=C:\Program Files\Java\jdk-15.0.1
PATH=C:\Program Files\Microsoft MPI\Bin\;C:\Program Files (x86)\VMware\VMware Workstation\bin\;C:\Program Files\Common Files\Oracle\Java\javapath;C:\WINDOWS\system32;C:\WINDOWS;C:\WINDOWS\System32\Wbem;C:\WINDOWS\System32\WindowsPowerShell\v1.0\;C:\WINDOWS\System32\OpenSSH\;C:\TDM-GCC-32\bin;C:\ProgramData\ComposerSetup\bin;D:\Git\Git\cmd;C:\Program Files\nodejs\;C:\xampp\php;C:\Program Files (x86)\Microsoft SQL Server\160\DTS\Binn\;C:\Program Files\Java\jdk-15.0.1\bin;C:\Program Files (x86)\Microsoft SQL Server\160\Tools\Binn\;C:\Program Files\Microsoft SQL Server\160\Tools\Binn\;C:\Program Files\Microsoft SQL Server\Client SDK\ODBC\170\Tools\Binn\;C:\Program Files\Microsoft SQL Server\160\DTS\Binn\;C:\Program Files\dotnet\;C:\Users\ADMINIS\AppData\Local\Android\Sdk\platform-tools;C:\Users\ADMINIS\AppData\Local\Microsoft\WindowsApps;C:\Users\ADMINIS\AppData\Roaming\Composer\vendor\bin;C:\Program Files (x86)\Python\Scripts;C:\Users\ADMINIS\AppData\Local\Programs\Microsoft VS Code\bin;C:\Users\ADMINIS\flutter\bin;D:\platform-tools_r34.0.5-windows\platform-tools;C:\Users\ADMINIS\AppData\Roaming\npm;D:\Flutter\flutter\bin;D:\Anacoda\Scripts;C:\Users\ADMINIS\AppData\Local\Packages\PythonSoftwareFoundation.Python.3.10_qbz5n2kfra8p0\LocalCache\local-packages\Python310\Scripts;C:\Users\ADMINIS\AppData\Local\Programs\Fiddler;C:\Users\ADMINIS\.dotnet\tools;C:\Program Files\Java\jdk-15.0.1\bin;C:\Program Files\Java\jdk-15.0.1\bin;C:\Users\ADMINIS\AppData\Local\Android\Sdk\platform-tools;
USERNAME=ADMINIS
OS=Windows_NT
PROCESSOR_IDENTIFIER=Intel64 Family 6 Model 126 Stepping 5, GenuineIntel



---------------  S Y S T E M  ---------------

OS:
 Windows 10 , 64 bit Build 22621 (10.0.22621.3958)
OS uptime: 10 days 0:40 hours
HyperV virtualization detected

CPU: total 8 (initial active 8) (4 cores per cpu, 2 threads per core) family 6 model 126 stepping 5 microcode 0xc2, cmov, cx8, fxsr, mmx, sse, sse2, sse3, ssse3, sse4.1, sse4.2, popcnt, vzeroupper, avx, avx2, aes, clmul, erms, 3dnowpref, lzcnt, ht, tsc, tscinvbit, bmi1, bmi2, adx, avx512f, avx512dq, avx512cd, avx512bw, avx512vl, avx512_vpopcntdq, avx512_vpclmulqdq, avx512_vbmi, avx512_vbmi2, avx512_vaes, avx512_vnni, sha, fma, clflush, clflushopt

Memory: 4k page, system-wide physical 12055M (154M free)
TotalPageFile size 20393M (AvailPageFile size 0M)
current process WorkingSet (physical memory assigned to process): 443M, peak: 514M
current process commit charge ("private bytes"): 555M, peak: 569M

vm_info: Java HotSpot(TM) 64-Bit Server VM (15.0.1+9-18) for windows-amd64 JRE (15.0.1+9-18), built on Sep 15 2020 14:43:54 by "mach5one" with unknown MS VC++:1925

END.
